2013-01-03 03:34:07 Error: [MissingControllerException] Controller class Index.ctpController could not be found.
#0 C:\gp-empresa\Project\app\webroot\index.php(92): Dispatcher->dispatch(Object(CakeRequest), Object(CakeResponse))
#1 {main}
2013-01-03 03:34:18 Error: [MissingControllerException] Controller class IndexController could not be found.
#0 C:\gp-empresa\Project\app\webroot\index.php(92): Dispatcher->dispatch(Object(CakeRequest), Object(CakeResponse))
#1 {main}
2013-01-03 03:34:22 Error: [MissingControllerException] Controller class Home.ctpController could not be found.
#0 C:\gp-empresa\Project\app\webroot\index.php(92): Dispatcher->dispatch(Object(CakeRequest), Object(CakeResponse))
#1 {main}
2013-01-03 03:34:27 Error: [MissingControllerException] Controller class Add.ctpController could not be found.
#0 C:\gp-empresa\Project\app\webroot\index.php(92): Dispatcher->dispatch(Object(CakeRequest), Object(CakeResponse))
#1 {main}
2013-01-03 03:34:35 Error: [MissingControllerException] Controller class CompanyController could not be found.
#0 C:\gp-empresa\Project\app\webroot\index.php(92): Dispatcher->dispatch(Object(CakeRequest), Object(CakeResponse))
#1 {main}
2013-01-03 03:34:57 Error: [MissingControllerException] Controller class ViewController could not be found.
#0 C:\gp-empresa\Project\app\webroot\index.php(92): Dispatcher->dispatch(Object(CakeRequest), Object(CakeResponse))
#1 {main}
2013-01-03 03:35:01 Error: [MissingControllerException] Controller class Index.phpController could not be found.
#0 C:\gp-empresa\Project\app\webroot\index.php(92): Dispatcher->dispatch(Object(CakeRequest), Object(CakeResponse))
#1 {main}
2013-01-03 03:35:47 Error: [MissingControllerException] Controller class ViewController could not be found.
#0 C:\gp-empresa\Project\app\webroot\index.php(92): Dispatcher->dispatch(Object(CakeRequest), Object(CakeResponse))
#1 {main}
2013-01-03 03:35:51 Error: [MissingControllerException] Controller class ViewController could not be found.
#0 C:\gp-empresa\Project\app\webroot\index.php(92): Dispatcher->dispatch(Object(CakeRequest), Object(CakeResponse))
#1 {main}
2013-01-03 03:36:06 Error: [MissingViewException] View file "C:\gp-empresa\Project\app\View\Companies\index.ctp" is missing.
#0 C:\gp-empresa\Project\lib\Cake\View\View.php(473): View->_getViewFileName(NULL)
#1 C:\gp-empresa\Project\lib\Cake\Controller\Controller.php(956): View->render(NULL, NULL)
#2 C:\gp-empresa\Project\lib\Cake\Routing\Dispatcher.php(193): Controller->render()
#3 C:\gp-empresa\Project\lib\Cake\Routing\Dispatcher.php(161): Dispatcher->_invoke(Object(CompaniesController), Object(CakeRequest), Object(CakeResponse))
#4 C:\gp-empresa\Project\app\webroot\index.php(92): Dispatcher->dispatch(Object(CakeRequest), Object(CakeResponse))
#5 {main}
2013-01-03 03:36:18 Error: [MissingControllerException] Controller class CompanyController could not be found.
#0 C:\gp-empresa\Project\app\webroot\index.php(92): Dispatcher->dispatch(Object(CakeRequest), Object(CakeResponse))
#1 {main}
2013-01-03 03:37:15 Error: [MissingViewException] View file "C:\gp-empresa\Project\app\View\Companies\index.ctp" is missing.
#0 C:\gp-empresa\Project\lib\Cake\View\View.php(473): View->_getViewFileName(NULL)
#1 C:\gp-empresa\Project\lib\Cake\Controller\Controller.php(956): View->render(NULL, NULL)
#2 C:\gp-empresa\Project\lib\Cake\Routing\Dispatcher.php(193): Controller->render()
#3 C:\gp-empresa\Project\lib\Cake\Routing\Dispatcher.php(161): Dispatcher->_invoke(Object(CompaniesController), Object(CakeRequest), Object(CakeResponse))
#4 C:\gp-empresa\Project\app\webroot\index.php(92): Dispatcher->dispatch(Object(CakeRequest), Object(CakeResponse))
#5 {main}
2013-01-04 01:40:31 Error: [MissingViewException] View file "C:\gp-empresa\Project\app\View\Companies\index.ctp" is missing.
#0 C:\gp-empresa\Project\lib\Cake\View\View.php(473): View->_getViewFileName(NULL)
#1 C:\gp-empresa\Project\lib\Cake\Controller\Controller.php(956): View->render(NULL, NULL)
#2 C:\gp-empresa\Project\lib\Cake\Routing\Dispatcher.php(193): Controller->render()
#3 C:\gp-empresa\Project\lib\Cake\Routing\Dispatcher.php(161): Dispatcher->_invoke(Object(CompaniesController), Object(CakeRequest), Object(CakeResponse))
#4 C:\gp-empresa\Project\app\webroot\index.php(92): Dispatcher->dispatch(Object(CakeRequest), Object(CakeResponse))
#5 {main}
2013-01-04 01:40:45 Error: [MissingActionException] Action CompaniesController::add.ctp() could not be found.
#0 C:\gp-empresa\Project\lib\Cake\Routing\Dispatcher.php(186): Controller->invokeAction(Object(CakeRequest))
#1 C:\gp-empresa\Project\lib\Cake\Routing\Dispatcher.php(161): Dispatcher->_invoke(Object(CompaniesController), Object(CakeRequest), Object(CakeResponse))
#2 C:\gp-empresa\Project\app\webroot\index.php(92): Dispatcher->dispatch(Object(CakeRequest), Object(CakeResponse))
#3 {main}
2013-01-04 01:42:57 Error: [MissingViewException] View file "C:\gp-empresa\Project\app\View\Companies\index.ctp" is missing.
#0 C:\gp-empresa\Project\lib\Cake\View\View.php(473): View->_getViewFileName(NULL)
#1 C:\gp-empresa\Project\lib\Cake\Controller\Controller.php(956): View->render(NULL, NULL)
#2 C:\gp-empresa\Project\lib\Cake\Routing\Dispatcher.php(193): Controller->render()
#3 C:\gp-empresa\Project\lib\Cake\Routing\Dispatcher.php(161): Dispatcher->_invoke(Object(CompaniesController), Object(CakeRequest), Object(CakeResponse))
#4 C:\gp-empresa\Project\app\webroot\index.php(92): Dispatcher->dispatch(Object(CakeRequest), Object(CakeResponse))
#5 {main}
2013-01-04 01:54:19 Error: [MissingViewException] View file "C:\gp-empresa\Project\app\View\Companies\index.ctp" is missing.
#0 C:\gp-empresa\Project\lib\Cake\View\View.php(473): View->_getViewFileName(NULL)
#1 C:\gp-empresa\Project\lib\Cake\Controller\Controller.php(956): View->render(NULL, NULL)
#2 C:\gp-empresa\Project\lib\Cake\Routing\Dispatcher.php(193): Controller->render()
#3 C:\gp-empresa\Project\lib\Cake\Routing\Dispatcher.php(161): Dispatcher->_invoke(Object(CompaniesController), Object(CakeRequest), Object(CakeResponse))
#4 C:\gp-empresa\Project\app\webroot\index.php(92): Dispatcher->dispatch(Object(CakeRequest), Object(CakeResponse))
#5 {main}
2013-01-04 02:09:09 Error: [MissingControllerException] Controller class Error400Controller could not be found.
#0 C:\gp-empresa\Project\app\webroot\index.php(92): Dispatcher->dispatch(Object(CakeRequest), Object(CakeResponse))
#1 {main}
2013-01-04 02:09:19 Error: [MissingControllerException] Controller class ViewController could not be found.
#0 C:\gp-empresa\Project\app\webroot\index.php(92): Dispatcher->dispatch(Object(CakeRequest), Object(CakeResponse))
#1 {main}
2013-01-04 02:11:50 Error: [MissingViewException] View file "C:\gp-empresa\Project\app\View\Companies\index.ctp" is missing.
#0 C:\gp-empresa\Project\lib\Cake\View\View.php(473): View->_getViewFileName(NULL)
#1 C:\gp-empresa\Project\lib\Cake\Controller\Controller.php(956): View->render(NULL, NULL)
#2 C:\gp-empresa\Project\lib\Cake\Routing\Dispatcher.php(193): Controller->render()
#3 C:\gp-empresa\Project\lib\Cake\Routing\Dispatcher.php(161): Dispatcher->_invoke(Object(CompaniesController), Object(CakeRequest), Object(CakeResponse))
#4 C:\gp-empresa\Project\app\webroot\index.php(92): Dispatcher->dispatch(Object(CakeRequest), Object(CakeResponse))
#5 {main}
2013-01-04 02:12:55 Error: [MissingViewException] View file "C:\gp-empresa\Project\app\View\Companies\index.ctp" is missing.
#0 C:\gp-empresa\Project\lib\Cake\View\View.php(473): View->_getViewFileName(NULL)
#1 C:\gp-empresa\Project\lib\Cake\Controller\Controller.php(956): View->render(NULL, NULL)
#2 C:\gp-empresa\Project\lib\Cake\Routing\Dispatcher.php(193): Controller->render()
#3 C:\gp-empresa\Project\lib\Cake\Routing\Dispatcher.php(161): Dispatcher->_invoke(Object(CompaniesController), Object(CakeRequest), Object(CakeResponse))
#4 C:\gp-empresa\Project\app\webroot\index.php(92): Dispatcher->dispatch(Object(CakeRequest), Object(CakeResponse))
#5 {main}
2013-01-04 04:02:07 Error: [MissingViewException] View file "C:\gp-empresa\Project\app\View\Companies\index.ctp" is missing.
#0 C:\gp-empresa\Project\lib\Cake\View\View.php(473): View->_getViewFileName(NULL)
#1 C:\gp-empresa\Project\lib\Cake\Controller\Controller.php(956): View->render(NULL, NULL)
#2 C:\gp-empresa\Project\lib\Cake\Routing\Dispatcher.php(193): Controller->render()
#3 C:\gp-empresa\Project\lib\Cake\Routing\Dispatcher.php(161): Dispatcher->_invoke(Object(CompaniesController), Object(CakeRequest), Object(CakeResponse))
#4 C:\gp-empresa\Project\app\webroot\index.php(92): Dispatcher->dispatch(Object(CakeRequest), Object(CakeResponse))
#5 {main}
2013-01-06 23:34:15 Error: Fatal Error (4): syntax error, unexpected '->' (T_OBJECT_OPERATOR) in [C:\gp-empresa\Project\app\Controller\CompaniesController.php, line 51]
2013-01-06 23:34:15 Error: [FatalErrorException] syntax error, unexpected '->' (T_OBJECT_OPERATOR)
#0 C:\gp-empresa\Project\lib\Cake\Error\ErrorHandler.php(161): ErrorHandler::handleFatalError(4, 'syntax error, u...', 'C:\gp-empresa\P...', 51)
#1 [internal function]: ErrorHandler::handleError(4, 'syntax error, u...', 'C:\gp-empresa\P...', 51, Array)
#2 C:\gp-empresa\Project\lib\Cake\Core\App.php(926): call_user_func('ErrorHandler::h...', 4, 'syntax error, u...', 'C:\gp-empresa\P...', 51, Array)
#3 C:\gp-empresa\Project\lib\Cake\Core\App.php(899): App::_checkFatalError()
#4 [internal function]: App::shutdown()
#5 {main}
2013-01-06 23:34:20 Error: Fatal Error (4): syntax error, unexpected '->' (T_OBJECT_OPERATOR) in [C:\gp-empresa\Project\app\Controller\CompaniesController.php, line 51]
2013-01-06 23:34:20 Error: [FatalErrorException] syntax error, unexpected '->' (T_OBJECT_OPERATOR)
#0 C:\gp-empresa\Project\lib\Cake\Error\ErrorHandler.php(161): ErrorHandler::handleFatalError(4, 'syntax error, u...', 'C:\gp-empresa\P...', 51)
#1 [internal function]: ErrorHandler::handleError(4, 'syntax error, u...', 'C:\gp-empresa\P...', 51, Array)
#2 C:\gp-empresa\Project\lib\Cake\Core\App.php(926): call_user_func('ErrorHandler::h...', 4, 'syntax error, u...', 'C:\gp-empresa\P...', 51, Array)
#3 C:\gp-empresa\Project\lib\Cake\Core\App.php(899): App::_checkFatalError()
#4 [internal function]: App::shutdown()
#5 {main}
2013-01-06 23:39:57 Error: [MissingActionException] Action CompaniesController::jquery.js() could not be found.
#0 C:\gp-empresa\Project\lib\Cake\Routing\Dispatcher.php(186): Controller->invokeAction(Object(CakeRequest))
#1 C:\gp-empresa\Project\lib\Cake\Routing\Dispatcher.php(161): Dispatcher->_invoke(Object(CompaniesController), Object(CakeRequest), Object(CakeResponse))
#2 C:\gp-empresa\Project\app\webroot\index.php(92): Dispatcher->dispatch(Object(CakeRequest), Object(CakeResponse))
#3 {main}
2013-01-06 23:39:57 Error: [MissingActionException] Action CompaniesController::jquery.maskedinput.js() could not be found.
#0 C:\gp-empresa\Project\lib\Cake\Routing\Dispatcher.php(186): Controller->invokeAction(Object(CakeRequest))
#1 C:\gp-empresa\Project\lib\Cake\Routing\Dispatcher.php(161): Dispatcher->_invoke(Object(CompaniesController), Object(CakeRequest), Object(CakeResponse))
#2 C:\gp-empresa\Project\app\webroot\index.php(92): Dispatcher->dispatch(Object(CakeRequest), Object(CakeResponse))
#3 {main}
2013-01-06 23:40:07 Error: [MissingControllerException] Controller class AddController could not be found.
#0 C:\gp-empresa\Project\app\webroot\index.php(92): Dispatcher->dispatch(Object(CakeRequest), Object(CakeResponse))
#1 {main}
2013-01-06 23:40:38 Error: [MissingActionException] Action CompaniesController::jquery.js() could not be found.
#0 C:\gp-empresa\Project\lib\Cake\Routing\Dispatcher.php(186): Controller->invokeAction(Object(CakeRequest))
#1 C:\gp-empresa\Project\lib\Cake\Routing\Dispatcher.php(161): Dispatcher->_invoke(Object(CompaniesController), Object(CakeRequest), Object(CakeResponse))
#2 C:\gp-empresa\Project\app\webroot\index.php(92): Dispatcher->dispatch(Object(CakeRequest), Object(CakeResponse))
#3 {main}
2013-01-06 23:40:38 Error: [MissingActionException] Action CompaniesController::jquery.maskedinput.js() could not be found.
#0 C:\gp-empresa\Project\lib\Cake\Routing\Dispatcher.php(186): Controller->invokeAction(Object(CakeRequest))
#1 C:\gp-empresa\Project\lib\Cake\Routing\Dispatcher.php(161): Dispatcher->_invoke(Object(CompaniesController), Object(CakeRequest), Object(CakeResponse))
#2 C:\gp-empresa\Project\app\webroot\index.php(92): Dispatcher->dispatch(Object(CakeRequest), Object(CakeResponse))
#3 {main}
2013-01-06 23:40:42 Error: [MissingControllerException] Controller class JsController could not be found.
#0 C:\gp-empresa\Project\app\webroot\index.php(92): Dispatcher->dispatch(Object(CakeRequest), Object(CakeResponse))
#1 {main}
2013-01-06 23:40:42 Error: [MissingControllerException] Controller class JsController could not be found.
#0 C:\gp-empresa\Project\app\webroot\index.php(92): Dispatcher->dispatch(Object(CakeRequest), Object(CakeResponse))
#1 {main}
2013-01-06 23:40:51 Error: [MissingActionException] Action CompaniesController::jquery.maskedinput.js() could not be found.
#0 C:\gp-empresa\Project\lib\Cake\Routing\Dispatcher.php(186): Controller->invokeAction(Object(CakeRequest))
#1 C:\gp-empresa\Project\lib\Cake\Routing\Dispatcher.php(161): Dispatcher->_invoke(Object(CompaniesController), Object(CakeRequest), Object(CakeResponse))
#2 C:\gp-empresa\Project\app\webroot\index.php(92): Dispatcher->dispatch(Object(CakeRequest), Object(CakeResponse))
#3 {main}
2013-01-06 23:40:51 Error: [MissingActionException] Action CompaniesController::jquery.js() could not be found.
#0 C:\gp-empresa\Project\lib\Cake\Routing\Dispatcher.php(186): Controller->invokeAction(Object(CakeRequest))
#1 C:\gp-empresa\Project\lib\Cake\Routing\Dispatcher.php(161): Dispatcher->_invoke(Object(CompaniesController), Object(CakeRequest), Object(CakeResponse))
#2 C:\gp-empresa\Project\app\webroot\index.php(92): Dispatcher->dispatch(Object(CakeRequest), Object(CakeResponse))
#3 {main}
2013-01-06 23:40:54 Error: [MissingControllerException] Controller class JsController could not be found.
#0 C:\gp-empresa\Project\app\webroot\index.php(92): Dispatcher->dispatch(Object(CakeRequest), Object(CakeResponse))
#1 {main}
2013-01-06 23:40:54 Error: [MissingControllerException] Controller class JsController could not be found.
#0 C:\gp-empresa\Project\app\webroot\index.php(92): Dispatcher->dispatch(Object(CakeRequest), Object(CakeResponse))
#1 {main}
2013-01-06 23:41:13 Error: [MissingControllerException] Controller class JsController could not be found.
#0 C:\gp-empresa\Project\app\webroot\index.php(92): Dispatcher->dispatch(Object(CakeRequest), Object(CakeResponse))
#1 {main}
2013-01-06 23:41:13 Error: [MissingControllerException] Controller class JsController could not be found.
#0 C:\gp-empresa\Project\app\webroot\index.php(92): Dispatcher->dispatch(Object(CakeRequest), Object(CakeResponse))
#1 {main}
2013-01-06 23:41:47 Error: [MissingActionException] Action CompaniesController::jquery.js() could not be found.
#0 C:\gp-empresa\Project\lib\Cake\Routing\Dispatcher.php(186): Controller->invokeAction(Object(CakeRequest))
#1 C:\gp-empresa\Project\lib\Cake\Routing\Dispatcher.php(161): Dispatcher->_invoke(Object(CompaniesController), Object(CakeRequest), Object(CakeResponse))
#2 C:\gp-empresa\Project\app\webroot\index.php(92): Dispatcher->dispatch(Object(CakeRequest), Object(CakeResponse))
#3 {main}
2013-01-06 23:41:47 Error: [MissingActionException] Action CompaniesController::jquery.maskedinput.js() could not be found.
#0 C:\gp-empresa\Project\lib\Cake\Routing\Dispatcher.php(186): Controller->invokeAction(Object(CakeRequest))
#1 C:\gp-empresa\Project\lib\Cake\Routing\Dispatcher.php(161): Dispatcher->_invoke(Object(CompaniesController), Object(CakeRequest), Object(CakeResponse))
#2 C:\gp-empresa\Project\app\webroot\index.php(92): Dispatcher->dispatch(Object(CakeRequest), Object(CakeResponse))
#3 {main}
2013-01-06 23:46:05 Error: [MissingControllerException] Controller class JsController could not be found.
#0 C:\gp-empresa\Project\app\webroot\index.php(92): Dispatcher->dispatch(Object(CakeRequest), Object(CakeResponse))
#1 {main}
2013-01-06 23:46:05 Error: [MissingControllerException] Controller class JsController could not be found.
#0 C:\gp-empresa\Project\app\webroot\index.php(92): Dispatcher->dispatch(Object(CakeRequest), Object(CakeResponse))
#1 {main}
2013-01-06 23:46:35 Error: [MissingControllerException] Controller class JsController could not be found.
#0 C:\gp-empresa\Project\app\webroot\index.php(92): Dispatcher->dispatch(Object(CakeRequest), Object(CakeResponse))
#1 {main}
2013-01-06 23:46:35 Error: [MissingControllerException] Controller class JsController could not be found.
#0 C:\gp-empresa\Project\app\webroot\index.php(92): Dispatcher->dispatch(Object(CakeRequest), Object(CakeResponse))
#1 {main}
2013-01-06 23:47:03 Error: [MissingControllerException] Controller class JsController could not be found.
#0 C:\gp-empresa\Project\app\webroot\index.php(92): Dispatcher->dispatch(Object(CakeRequest), Object(CakeResponse))
#1 {main}
2013-01-06 23:47:03 Error: [MissingControllerException] Controller class JsController could not be found.
#0 C:\gp-empresa\Project\app\webroot\index.php(92): Dispatcher->dispatch(Object(CakeRequest), Object(CakeResponse))
#1 {main}
2013-01-06 23:47:09 Error: [MissingViewException] View file "C:\gp-empresa\Project\app\View\Companies\delete.ctp" is missing.
#0 C:\gp-empresa\Project\lib\Cake\View\View.php(473): View->_getViewFileName(NULL)
#1 C:\gp-empresa\Project\lib\Cake\Controller\Controller.php(956): View->render(NULL, NULL)
#2 C:\gp-empresa\Project\lib\Cake\Routing\Dispatcher.php(193): Controller->render()
#3 C:\gp-empresa\Project\lib\Cake\Routing\Dispatcher.php(161): Dispatcher->_invoke(Object(CompaniesController), Object(CakeRequest), Object(CakeResponse))
#4 C:\gp-empresa\Project\app\webroot\index.php(92): Dispatcher->dispatch(Object(CakeRequest), Object(CakeResponse))
#5 {main}
2013-01-06 23:58:24 Error: [MissingActionException] Action CompaniesController::jquery.maskedinput.js() could not be found.
#0 C:\gp-empresa\Project\lib\Cake\Routing\Dispatcher.php(186): Controller->invokeAction(Object(CakeRequest))
#1 C:\gp-empresa\Project\lib\Cake\Routing\Dispatcher.php(161): Dispatcher->_invoke(Object(CompaniesController), Object(CakeRequest), Object(CakeResponse))
#2 C:\gp-empresa\Project\app\webroot\index.php(92): Dispatcher->dispatch(Object(CakeRequest), Object(CakeResponse))
#3 {main}
2013-01-06 23:58:24 Error: [MissingActionException] Action CompaniesController::jquery.js() could not be found.
#0 C:\gp-empresa\Project\lib\Cake\Routing\Dispatcher.php(186): Controller->invokeAction(Object(CakeRequest))
#1 C:\gp-empresa\Project\lib\Cake\Routing\Dispatcher.php(161): Dispatcher->_invoke(Object(CompaniesController), Object(CakeRequest), Object(CakeResponse))
#2 C:\gp-empresa\Project\app\webroot\index.php(92): Dispatcher->dispatch(Object(CakeRequest), Object(CakeResponse))
#3 {main}
2013-01-06 23:58:28 Error: [MissingControllerException] Controller class JsController could not be found.
#0 C:\gp-empresa\Project\app\webroot\index.php(92): Dispatcher->dispatch(Object(CakeRequest), Object(CakeResponse))
#1 {main}
2013-01-06 23:58:28 Error: [MissingControllerException] Controller class JsController could not be found.
#0 C:\gp-empresa\Project\app\webroot\index.php(92): Dispatcher->dispatch(Object(CakeRequest), Object(CakeResponse))
#1 {main}
2013-01-07 00:12:03 Error: [MissingControllerException] Controller class JsController could not be found.
#0 C:\gp-empresa\Project\app\webroot\index.php(92): Dispatcher->dispatch(Object(CakeRequest), Object(CakeResponse))
#1 {main}
2013-01-07 00:12:03 Error: [MissingControllerException] Controller class JsController could not be found.
#0 C:\gp-empresa\Project\app\webroot\index.php(92): Dispatcher->dispatch(Object(CakeRequest), Object(CakeResponse))
#1 {main}
2013-01-07 01:31:52 Error: [MissingControllerException] Controller class JsController could not be found.
#0 C:\gp-empresa\Project\app\webroot\index.php(92): Dispatcher->dispatch(Object(CakeRequest), Object(CakeResponse))
#1 {main}
2013-01-07 01:31:52 Error: [MissingControllerException] Controller class JsController could not be found.
#0 C:\gp-empresa\Project\app\webroot\index.php(92): Dispatcher->dispatch(Object(CakeRequest), Object(CakeResponse))
#1 {main}
2013-01-07 01:32:04 Error: [MissingViewException] View file "C:\gp-empresa\Project\app\View\Companies\delete.ctp" is missing.
#0 C:\gp-empresa\Project\lib\Cake\View\View.php(473): View->_getViewFileName(NULL)
#1 C:\gp-empresa\Project\lib\Cake\Controller\Controller.php(956): View->render(NULL, NULL)
#2 C:\gp-empresa\Project\lib\Cake\Routing\Dispatcher.php(193): Controller->render()
#3 C:\gp-empresa\Project\lib\Cake\Routing\Dispatcher.php(161): Dispatcher->_invoke(Object(CompaniesController), Object(CakeRequest), Object(CakeResponse))
#4 C:\gp-empresa\Project\app\webroot\index.php(92): Dispatcher->dispatch(Object(CakeRequest), Object(CakeResponse))
#5 {main}
2013-01-07 01:37:36 Error: [MissingControllerException] Controller class JsController could not be found.
#0 C:\gp-empresa\Project\app\webroot\index.php(92): Dispatcher->dispatch(Object(CakeRequest), Object(CakeResponse))
#1 {main}
2013-01-07 01:37:37 Error: [MissingControllerException] Controller class JsController could not be found.
#0 C:\gp-empresa\Project\app\webroot\index.php(92): Dispatcher->dispatch(Object(CakeRequest), Object(CakeResponse))
#1 {main}
2013-01-07 01:37:44 Error: [PDOException] SQLSTATE[42000]: Syntax error or access violation: 1064 You have an error in your SQL syntax; check the manual that corresponds to your MySQL server version for the right syntax to use near 'redirect' at line 1
#0 C:\gp-empresa\Project\lib\Cake\Model\Datasource\DboSource.php(459): PDOStatement->execute(Array)
#1 C:\gp-empresa\Project\lib\Cake\Model\Datasource\DboSource.php(425): DboSource->_execute('redirect', Array)
#2 C:\gp-empresa\Project\lib\Cake\Model\Datasource\DboSource.php(669): DboSource->execute('redirect', Array, Array)
#3 C:\gp-empresa\Project\lib\Cake\Model\Datasource\DboSource.php(611): DboSource->fetchAll('redirect', Array, Array)
#4 C:\gp-empresa\Project\lib\Cake\Model\Model.php(788): DboSource->query('redirect', Array, Object(Company))
#5 C:\gp-empresa\Project\app\Controller\CompaniesController.php(55): Model->__call('redirect', Array)
#6 C:\gp-empresa\Project\app\Controller\CompaniesController.php(55): Company->redirect('/Companies')
#7 [internal function]: CompaniesController->delete('1')
#8 C:\gp-empresa\Project\lib\Cake\Controller\Controller.php(485): ReflectionMethod->invokeArgs(Object(CompaniesController), Array)
#9 C:\gp-empresa\Project\lib\Cake\Routing\Dispatcher.php(186): Controller->invokeAction(Object(CakeRequest))
#10 C:\gp-empresa\Project\lib\Cake\Routing\Dispatcher.php(161): Dispatcher->_invoke(Object(CompaniesController), Object(CakeRequest), Object(CakeResponse))
#11 C:\gp-empresa\Project\app\webroot\index.php(92): Dispatcher->dispatch(Object(CakeRequest), Object(CakeResponse))
#12 {main}
2013-01-07 01:38:37 Error: [MissingControllerException] Controller class JsController could not be found.
#0 C:\gp-empresa\Project\app\webroot\index.php(92): Dispatcher->dispatch(Object(CakeRequest), Object(CakeResponse))
#1 {main}
2013-01-07 01:38:37 Error: [MissingControllerException] Controller class JsController could not be found.
#0 C:\gp-empresa\Project\app\webroot\index.php(92): Dispatcher->dispatch(Object(CakeRequest), Object(CakeResponse))
#1 {main}
2013-01-07 01:41:53 Error: [MissingControllerException] Controller class JsController could not be found.
#0 C:\gp-empresa\Project\app\webroot\index.php(92): Dispatcher->dispatch(Object(CakeRequest), Object(CakeResponse))
#1 {main}
2013-01-07 01:41:53 Error: [MissingControllerException] Controller class JsController could not be found.
#0 C:\gp-empresa\Project\app\webroot\index.php(92): Dispatcher->dispatch(Object(CakeRequest), Object(CakeResponse))
#1 {main}
2013-01-07 01:42:55 Error: [MissingControllerException] Controller class JsController could not be found.
#0 C:\gp-empresa\Project\app\webroot\index.php(92): Dispatcher->dispatch(Object(CakeRequest), Object(CakeResponse))
#1 {main}
2013-01-07 01:42:55 Error: [MissingControllerException] Controller class JsController could not be found.
#0 C:\gp-empresa\Project\app\webroot\index.php(92): Dispatcher->dispatch(Object(CakeRequest), Object(CakeResponse))
#1 {main}
2013-01-07 01:43:40 Error: [MissingControllerException] Controller class JsController could not be found.
#0 C:\gp-empresa\Project\app\webroot\index.php(92): Dispatcher->dispatch(Object(CakeRequest), Object(CakeResponse))
#1 {main}
2013-01-07 01:43:40 Error: [MissingControllerException] Controller class JsController could not be found.
#0 C:\gp-empresa\Project\app\webroot\index.php(92): Dispatcher->dispatch(Object(CakeRequest), Object(CakeResponse))
#1 {main}
2013-01-07 01:43:47 Error: [MissingControllerException] Controller class JsController could not be found.
#0 C:\gp-empresa\Project\app\webroot\index.php(92): Dispatcher->dispatch(Object(CakeRequest), Object(CakeResponse))
#1 {main}
2013-01-07 01:43:47 Error: [MissingControllerException] Controller class JsController could not be found.
#0 C:\gp-empresa\Project\app\webroot\index.php(92): Dispatcher->dispatch(Object(CakeRequest), Object(CakeResponse))
#1 {main}
2013-01-07 01:47:11 Error: [MissingControllerException] Controller class JsController could not be found.
#0 C:\gp-empresa\Project\app\webroot\index.php(92): Dispatcher->dispatch(Object(CakeRequest), Object(CakeResponse))
#1 {main}
2013-01-07 01:47:11 Error: [MissingControllerException] Controller class JsController could not be found.
#0 C:\gp-empresa\Project\app\webroot\index.php(92): Dispatcher->dispatch(Object(CakeRequest), Object(CakeResponse))
#1 {main}
2013-01-07 01:50:17 Error: [MissingControllerException] Controller class JsController could not be found.
#0 C:\gp-empresa\Project\app\webroot\index.php(92): Dispatcher->dispatch(Object(CakeRequest), Object(CakeResponse))
#1 {main}
2013-01-07 01:50:17 Error: [MissingControllerException] Controller class JsController could not be found.
#0 C:\gp-empresa\Project\app\webroot\index.php(92): Dispatcher->dispatch(Object(CakeRequest), Object(CakeResponse))
#1 {main}
2013-01-07 01:51:04 Error: [MissingControllerException] Controller class JsController could not be found.
#0 C:\gp-empresa\Project\app\webroot\index.php(92): Dispatcher->dispatch(Object(CakeRequest), Object(CakeResponse))
#1 {main}
2013-01-07 01:51:05 Error: [MissingControllerException] Controller class JsController could not be found.
#0 C:\gp-empresa\Project\app\webroot\index.php(92): Dispatcher->dispatch(Object(CakeRequest), Object(CakeResponse))
#1 {main}
2013-01-07 01:51:08 Error: [PDOException] SQLSTATE[42000]: Syntax error or access violation: 1064 You have an error in your SQL syntax; check the manual that corresponds to your MySQL server version for the right syntax to use near 'setFlash' at line 1
#0 C:\gp-empresa\Project\lib\Cake\Model\Datasource\DboSource.php(459): PDOStatement->execute(Array)
#1 C:\gp-empresa\Project\lib\Cake\Model\Datasource\DboSource.php(425): DboSource->_execute('setFlash', Array)
#2 C:\gp-empresa\Project\lib\Cake\Model\Datasource\DboSource.php(669): DboSource->execute('setFlash', Array, Array)
#3 C:\gp-empresa\Project\lib\Cake\Model\Datasource\DboSource.php(611): DboSource->fetchAll('setFlash', Array, Array)
#4 C:\gp-empresa\Project\lib\Cake\Model\Model.php(788): DboSource->query('setFlash', Array, Object(Company))
#5 C:\gp-empresa\Project\app\Controller\CompaniesController.php(58): Model->__call('setFlash', Array)
#6 C:\gp-empresa\Project\app\Controller\CompaniesController.php(58): Company->setFlash('Empresa removid...')
#7 [internal function]: CompaniesController->delete('1')
#8 C:\gp-empresa\Project\lib\Cake\Controller\Controller.php(485): ReflectionMethod->invokeArgs(Object(CompaniesController), Array)
#9 C:\gp-empresa\Project\lib\Cake\Routing\Dispatcher.php(186): Controller->invokeAction(Object(CakeRequest))
#10 C:\gp-empresa\Project\lib\Cake\Routing\Dispatcher.php(161): Dispatcher->_invoke(Object(CompaniesController), Object(CakeRequest), Object(CakeResponse))
#11 C:\gp-empresa\Project\app\webroot\index.php(92): Dispatcher->dispatch(Object(CakeRequest), Object(CakeResponse))
#12 {main}
2013-01-07 01:51:30 Error: [MissingControllerException] Controller class JsController could not be found.
#0 C:\gp-empresa\Project\app\webroot\index.php(92): Dispatcher->dispatch(Object(CakeRequest), Object(CakeResponse))
#1 {main}
2013-01-07 01:51:30 Error: [MissingControllerException] Controller class JsController could not be found.
#0 C:\gp-empresa\Project\app\webroot\index.php(92): Dispatcher->dispatch(Object(CakeRequest), Object(CakeResponse))
#1 {main}
2013-01-07 01:51:36 Error: [MissingControllerException] Controller class JsController could not be found.
#0 C:\gp-empresa\Project\app\webroot\index.php(92): Dispatcher->dispatch(Object(CakeRequest), Object(CakeResponse))
#1 {main}
2013-01-07 01:51:36 Error: [MissingControllerException] Controller class JsController could not be found.
#0 C:\gp-empresa\Project\app\webroot\index.php(92): Dispatcher->dispatch(Object(CakeRequest), Object(CakeResponse))
#1 {main}
2013-01-07 01:51:43 Error: [MissingControllerException] Controller class JsController could not be found.
#0 C:\gp-empresa\Project\app\webroot\index.php(92): Dispatcher->dispatch(Object(CakeRequest), Object(CakeResponse))
#1 {main}
2013-01-07 01:51:43 Error: [MissingControllerException] Controller class JsController could not be found.
#0 C:\gp-empresa\Project\app\webroot\index.php(92): Dispatcher->dispatch(Object(CakeRequest), Object(CakeResponse))
#1 {main}
2013-01-07 01:52:55 Error: [MissingControllerException] Controller class JsController could not be found.
#0 C:\gp-empresa\Project\app\webroot\index.php(92): Dispatcher->dispatch(Object(CakeRequest), Object(CakeResponse))
#1 {main}
2013-01-07 01:52:55 Error: [MissingControllerException] Controller class JsController could not be found.
#0 C:\gp-empresa\Project\app\webroot\index.php(92): Dispatcher->dispatch(Object(CakeRequest), Object(CakeResponse))
#1 {main}
2013-01-07 01:54:52 Error: Fatal Error (4): syntax error, unexpected '$company' (T_VARIABLE) in [C:\gp-empresa\Project\app\View\Companies\index.ctp, line 41]
2013-01-07 01:54:52 Error: [FatalErrorException] syntax error, unexpected '$company' (T_VARIABLE)
#0 C:\gp-empresa\Project\lib\Cake\Error\ErrorHandler.php(161): ErrorHandler::handleFatalError(4, 'syntax error, u...', 'C:\gp-empresa\P...', 41)
#1 [internal function]: ErrorHandler::handleError(4, 'syntax error, u...', 'C:\gp-empresa\P...', 41, Array)
#2 C:\gp-empresa\Project\lib\Cake\Core\App.php(926): call_user_func('ErrorHandler::h...', 4, 'syntax error, u...', 'C:\gp-empresa\P...', 41, Array)
#3 C:\gp-empresa\Project\lib\Cake\Core\App.php(899): App::_checkFatalError()
#4 [internal function]: App::shutdown()
#5 {main}
2013-01-07 01:55:52 Error: Fatal Error (4): syntax error, unexpected '' (T_ENCAPSED_AND_WHITESPACE), expecting identifier (T_STRING) or variable (T_VARIABLE) or number (T_NUM_STRING) in [C:\gp-empresa\Project\app\View\Companies\index.ctp, line 41]
2013-01-07 01:55:52 Error: [FatalErrorException] syntax error, unexpected '' (T_ENCAPSED_AND_WHITESPACE), expecting identifier (T_STRING) or variable (T_VARIABLE) or number (T_NUM_STRING)
#0 C:\gp-empresa\Project\lib\Cake\Error\ErrorHandler.php(161): ErrorHandler::handleFatalError(4, 'syntax error, u...', 'C:\gp-empresa\P...', 41)
#1 [internal function]: ErrorHandler::handleError(4, 'syntax error, u...', 'C:\gp-empresa\P...', 41, Array)
#2 C:\gp-empresa\Project\lib\Cake\Core\App.php(926): call_user_func('ErrorHandler::h...', 4, 'syntax error, u...', 'C:\gp-empresa\P...', 41, Array)
#3 C:\gp-empresa\Project\lib\Cake\Core\App.php(899): App::_checkFatalError()
#4 [internal function]: App::shutdown()
#5 {main}
2013-01-07 01:59:17 Error: Fatal Error (4): syntax error, unexpected '' (T_ENCAPSED_AND_WHITESPACE), expecting identifier (T_STRING) or variable (T_VARIABLE) or number (T_NUM_STRING) in [C:\gp-empresa\Project\app\View\Companies\index.ctp, line 41]
2013-01-07 01:59:17 Error: [FatalErrorException] syntax error, unexpected '' (T_ENCAPSED_AND_WHITESPACE), expecting identifier (T_STRING) or variable (T_VARIABLE) or number (T_NUM_STRING)
#0 C:\gp-empresa\Project\lib\Cake\Error\ErrorHandler.php(161): ErrorHandler::handleFatalError(4, 'syntax error, u...', 'C:\gp-empresa\P...', 41)
#1 [internal function]: ErrorHandler::handleError(4, 'syntax error, u...', 'C:\gp-empresa\P...', 41, Array)
#2 C:\gp-empresa\Project\lib\Cake\Core\App.php(926): call_user_func('ErrorHandler::h...', 4, 'syntax error, u...', 'C:\gp-empresa\P...', 41, Array)
#3 C:\gp-empresa\Project\lib\Cake\Core\App.php(899): App::_checkFatalError()
#4 [internal function]: App::shutdown()
#5 {main}
2013-01-07 02:00:21 Error: Fatal Error (4): syntax error, unexpected '' (T_ENCAPSED_AND_WHITESPACE), expecting identifier (T_STRING) or variable (T_VARIABLE) or number (T_NUM_STRING) in [C:\gp-empresa\Project\app\View\Companies\index.ctp, line 41]
2013-01-07 02:00:21 Error: [FatalErrorException] syntax error, unexpected '' (T_ENCAPSED_AND_WHITESPACE), expecting identifier (T_STRING) or variable (T_VARIABLE) or number (T_NUM_STRING)
#0 C:\gp-empresa\Project\lib\Cake\Error\ErrorHandler.php(161): ErrorHandler::handleFatalError(4, 'syntax error, u...', 'C:\gp-empresa\P...', 41)
#1 [internal function]: ErrorHandler::handleError(4, 'syntax error, u...', 'C:\gp-empresa\P...', 41, Array)
#2 C:\gp-empresa\Project\lib\Cake\Core\App.php(926): call_user_func('ErrorHandler::h...', 4, 'syntax error, u...', 'C:\gp-empresa\P...', 41, Array)
#3 C:\gp-empresa\Project\lib\Cake\Core\App.php(899): App::_checkFatalError()
#4 [internal function]: App::shutdown()
#5 {main}
2013-01-07 02:00:33 Error: [MissingControllerException] Controller class JsController could not be found.
#0 C:\gp-empresa\Project\app\webroot\index.php(92): Dispatcher->dispatch(Object(CakeRequest), Object(CakeResponse))
#1 {main}
2013-01-07 02:00:33 Error: [MissingControllerException] Controller class JsController could not be found.
#0 C:\gp-empresa\Project\app\webroot\index.php(92): Dispatcher->dispatch(Object(CakeRequest), Object(CakeResponse))
#1 {main}
2013-01-07 02:07:14 Error: [MissingControllerException] Controller class JsController could not be found.
#0 C:\gp-empresa\Project\app\webroot\index.php(92): Dispatcher->dispatch(Object(CakeRequest), Object(CakeResponse))
#1 {main}
2013-01-07 02:07:14 Error: [MissingControllerException] Controller class JsController could not be found.
#0 C:\gp-empresa\Project\app\webroot\index.php(92): Dispatcher->dispatch(Object(CakeRequest), Object(CakeResponse))
#1 {main}
2013-01-07 02:09:12 Error: [MissingControllerException] Controller class JsController could not be found.
#0 C:\gp-empresa\Project\app\webroot\index.php(92): Dispatcher->dispatch(Object(CakeRequest), Object(CakeResponse))
#1 {main}
2013-01-07 02:09:12 Error: [MissingControllerException] Controller class JsController could not be found.
#0 C:\gp-empresa\Project\app\webroot\index.php(92): Dispatcher->dispatch(Object(CakeRequest), Object(CakeResponse))
#1 {main}
2013-01-07 02:09:18 Error: [MissingActionException] Action CompaniesController::jquery.js() could not be found.
#0 C:\gp-empresa\Project\lib\Cake\Routing\Dispatcher.php(186): Controller->invokeAction(Object(CakeRequest))
#1 C:\gp-empresa\Project\lib\Cake\Routing\Dispatcher.php(161): Dispatcher->_invoke(Object(CompaniesController), Object(CakeRequest), Object(CakeResponse))
#2 C:\gp-empresa\Project\app\webroot\index.php(92): Dispatcher->dispatch(Object(CakeRequest), Object(CakeResponse))
#3 {main}
2013-01-07 02:09:18 Error: [MissingActionException] Action CompaniesController::jquery.maskedinput.js() could not be found.
#0 C:\gp-empresa\Project\lib\Cake\Routing\Dispatcher.php(186): Controller->invokeAction(Object(CakeRequest))
#1 C:\gp-empresa\Project\lib\Cake\Routing\Dispatcher.php(161): Dispatcher->_invoke(Object(CompaniesController), Object(CakeRequest), Object(CakeResponse))
#2 C:\gp-empresa\Project\app\webroot\index.php(92): Dispatcher->dispatch(Object(CakeRequest), Object(CakeResponse))
#3 {main}
2013-01-07 02:09:24 Error: [MissingControllerException] Controller class JsController could not be found.
#0 C:\gp-empresa\Project\app\webroot\index.php(92): Dispatcher->dispatch(Object(CakeRequest), Object(CakeResponse))
#1 {main}
2013-01-07 02:09:24 Error: [MissingControllerException] Controller class JsController could not be found.
#0 C:\gp-empresa\Project\app\webroot\index.php(92): Dispatcher->dispatch(Object(CakeRequest), Object(CakeResponse))
#1 {main}
2013-01-07 02:14:12 Error: [MissingControllerException] Controller class JsController could not be found.
#0 C:\gp-empresa\Project\app\webroot\index.php(92): Dispatcher->dispatch(Object(CakeRequest), Object(CakeResponse))
#1 {main}
2013-01-07 02:14:12 Error: [MissingControllerException] Controller class JsController could not be found.
#0 C:\gp-empresa\Project\app\webroot\index.php(92): Dispatcher->dispatch(Object(CakeRequest), Object(CakeResponse))
#1 {main}
2013-01-07 02:15:53 Error: [MissingControllerException] Controller class JsController could not be found.
#0 C:\gp-empresa\Project\app\webroot\index.php(92): Dispatcher->dispatch(Object(CakeRequest), Object(CakeResponse))
#1 {main}
2013-01-07 02:15:53 Error: [MissingControllerException] Controller class JsController could not be found.
#0 C:\gp-empresa\Project\app\webroot\index.php(92): Dispatcher->dispatch(Object(CakeRequest), Object(CakeResponse))
#1 {main}
2013-01-07 02:18:59 Error: [MissingControllerException] Controller class JsController could not be found.
#0 C:\gp-empresa\Project\app\webroot\index.php(92): Dispatcher->dispatch(Object(CakeRequest), Object(CakeResponse))
#1 {main}
2013-01-07 02:18:59 Error: [MissingControllerException] Controller class JsController could not be found.
#0 C:\gp-empresa\Project\app\webroot\index.php(92): Dispatcher->dispatch(Object(CakeRequest), Object(CakeResponse))
#1 {main}
2013-01-07 02:38:06 Error: [MissingControllerException] Controller class JsController could not be found.
#0 C:\gp-empresa\Project\app\webroot\index.php(92): Dispatcher->dispatch(Object(CakeRequest), Object(CakeResponse))
#1 {main}
2013-01-07 02:38:06 Error: [MissingControllerException] Controller class JsController could not be found.
#0 C:\gp-empresa\Project\app\webroot\index.php(92): Dispatcher->dispatch(Object(CakeRequest), Object(CakeResponse))
#1 {main}
2013-01-07 02:38:15 Error: [MissingControllerException] Controller class JsController could not be found.
#0 C:\gp-empresa\Project\app\webroot\index.php(92): Dispatcher->dispatch(Object(CakeRequest), Object(CakeResponse))
#1 {main}
2013-01-07 02:38:15 Error: [MissingControllerException] Controller class JsController could not be found.
#0 C:\gp-empresa\Project\app\webroot\index.php(92): Dispatcher->dispatch(Object(CakeRequest), Object(CakeResponse))
#1 {main}
2013-01-07 02:45:59 Error: [MissingControllerException] Controller class JsController could not be found.
#0 C:\gp-empresa\Project\app\webroot\index.php(92): Dispatcher->dispatch(Object(CakeRequest), Object(CakeResponse))
#1 {main}
2013-01-07 02:45:59 Error: [MissingControllerException] Controller class JsController could not be found.
#0 C:\gp-empresa\Project\app\webroot\index.php(92): Dispatcher->dispatch(Object(CakeRequest), Object(CakeResponse))
#1 {main}
2013-01-07 02:48:46 Error: [MissingActionException] Action CompaniesController::jquery.js() could not be found.
#0 C:\gp-empresa\Project\lib\Cake\Routing\Dispatcher.php(186): Controller->invokeAction(Object(CakeRequest))
#1 C:\gp-empresa\Project\lib\Cake\Routing\Dispatcher.php(161): Dispatcher->_invoke(Object(CompaniesController), Object(CakeRequest), Object(CakeResponse))
#2 C:\gp-empresa\Project\app\webroot\index.php(92): Dispatcher->dispatch(Object(CakeRequest), Object(CakeResponse))
#3 {main}
2013-01-07 02:48:46 Error: [MissingActionException] Action CompaniesController::jquery.maskedinput.js() could not be found.
#0 C:\gp-empresa\Project\lib\Cake\Routing\Dispatcher.php(186): Controller->invokeAction(Object(CakeRequest))
#1 C:\gp-empresa\Project\lib\Cake\Routing\Dispatcher.php(161): Dispatcher->_invoke(Object(CompaniesController), Object(CakeRequest), Object(CakeResponse))
#2 C:\gp-empresa\Project\app\webroot\index.php(92): Dispatcher->dispatch(Object(CakeRequest), Object(CakeResponse))
#3 {main}
2013-01-07 02:49:41 Error: [MissingControllerException] Controller class JsController could not be found.
#0 C:\gp-empresa\Project\app\webroot\index.php(92): Dispatcher->dispatch(Object(CakeRequest), Object(CakeResponse))
#1 {main}
2013-01-07 02:49:41 Error: [MissingControllerException] Controller class JsController could not be found.
#0 C:\gp-empresa\Project\app\webroot\index.php(92): Dispatcher->dispatch(Object(CakeRequest), Object(CakeResponse))
#1 {main}
2013-01-07 02:56:06 Error: [MissingControllerException] Controller class JsController could not be found.
#0 C:\gp-empresa\Project\app\webroot\index.php(92): Dispatcher->dispatch(Object(CakeRequest), Object(CakeResponse))
#1 {main}
2013-01-07 02:56:06 Error: [MissingControllerException] Controller class JsController could not be found.
#0 C:\gp-empresa\Project\app\webroot\index.php(92): Dispatcher->dispatch(Object(CakeRequest), Object(CakeResponse))
#1 {main}
2013-01-07 02:57:53 Error: [MissingControllerException] Controller class JsController could not be found.
#0 C:\gp-empresa\Project\app\webroot\index.php(92): Dispatcher->dispatch(Object(CakeRequest), Object(CakeResponse))
#1 {main}
2013-01-07 02:57:53 Error: [MissingControllerException] Controller class JsController could not be found.
#0 C:\gp-empresa\Project\app\webroot\index.php(92): Dispatcher->dispatch(Object(CakeRequest), Object(CakeResponse))
#1 {main}
2013-01-07 03:00:57 Error: [MissingControllerException] Controller class JsController could not be found.
#0 C:\gp-empresa\Project\app\webroot\index.php(92): Dispatcher->dispatch(Object(CakeRequest), Object(CakeResponse))
#1 {main}
2013-01-07 03:00:57 Error: [MissingControllerException] Controller class JsController could not be found.
#0 C:\gp-empresa\Project\app\webroot\index.php(92): Dispatcher->dispatch(Object(CakeRequest), Object(CakeResponse))
#1 {main}
2013-01-07 03:04:31 Error: [MissingControllerException] Controller class JsController could not be found.
#0 C:\gp-empresa\Project\app\webroot\index.php(92): Dispatcher->dispatch(Object(CakeRequest), Object(CakeResponse))
#1 {main}
2013-01-07 03:04:32 Error: [MissingControllerException] Controller class JsController could not be found.
#0 C:\gp-empresa\Project\app\webroot\index.php(92): Dispatcher->dispatch(Object(CakeRequest), Object(CakeResponse))
#1 {main}
2013-01-07 03:06:15 Error: [MissingControllerException] Controller class JsController could not be found.
#0 C:\gp-empresa\Project\app\webroot\index.php(92): Dispatcher->dispatch(Object(CakeRequest), Object(CakeResponse))
#1 {main}
2013-01-07 03:06:15 Error: [MissingControllerException] Controller class JsController could not be found.
#0 C:\gp-empresa\Project\app\webroot\index.php(92): Dispatcher->dispatch(Object(CakeRequest), Object(CakeResponse))
#1 {main}
2013-01-07 03:06:36 Error: [MissingControllerException] Controller class JsController could not be found.
#0 C:\gp-empresa\Project\app\webroot\index.php(92): Dispatcher->dispatch(Object(CakeRequest), Object(CakeResponse))
#1 {main}
2013-01-07 03:06:36 Error: [MissingControllerException] Controller class JsController could not be found.
#0 C:\gp-empresa\Project\app\webroot\index.php(92): Dispatcher->dispatch(Object(CakeRequest), Object(CakeResponse))
#1 {main}
2013-01-07 03:07:03 Error: [MissingControllerException] Controller class JsController could not be found.
#0 C:\gp-empresa\Project\app\webroot\index.php(92): Dispatcher->dispatch(Object(CakeRequest), Object(CakeResponse))
#1 {main}
2013-01-07 03:07:03 Error: [MissingControllerException] Controller class JsController could not be found.
#0 C:\gp-empresa\Project\app\webroot\index.php(92): Dispatcher->dispatch(Object(CakeRequest), Object(CakeResponse))
#1 {main}
2013-01-07 03:08:01 Error: [MissingControllerException] Controller class JsController could not be found.
#0 C:\gp-empresa\Project\app\webroot\index.php(92): Dispatcher->dispatch(Object(CakeRequest), Object(CakeResponse))
#1 {main}
2013-01-07 03:08:01 Error: [MissingControllerException] Controller class JsController could not be found.
#0 C:\gp-empresa\Project\app\webroot\index.php(92): Dispatcher->dispatch(Object(CakeRequest), Object(CakeResponse))
#1 {main}
2013-01-07 03:08:19 Error: [MissingControllerException] Controller class JsController could not be found.
#0 C:\gp-empresa\Project\app\webroot\index.php(92): Dispatcher->dispatch(Object(CakeRequest), Object(CakeResponse))
#1 {main}
2013-01-07 03:08:19 Error: [MissingControllerException] Controller class JsController could not be found.
#0 C:\gp-empresa\Project\app\webroot\index.php(92): Dispatcher->dispatch(Object(CakeRequest), Object(CakeResponse))
#1 {main}
2013-01-07 03:08:57 Error: [MissingControllerException] Controller class JsController could not be found.
#0 C:\gp-empresa\Project\app\webroot\index.php(92): Dispatcher->dispatch(Object(CakeRequest), Object(CakeResponse))
#1 {main}
2013-01-07 03:08:57 Error: [MissingControllerException] Controller class JsController could not be found.
#0 C:\gp-empresa\Project\app\webroot\index.php(92): Dispatcher->dispatch(Object(CakeRequest), Object(CakeResponse))
#1 {main}
2013-01-07 03:10:22 Error: [MissingControllerException] Controller class JsController could not be found.
#0 C:\gp-empresa\Project\app\webroot\index.php(92): Dispatcher->dispatch(Object(CakeRequest), Object(CakeResponse))
#1 {main}
2013-01-07 03:10:22 Error: [MissingControllerException] Controller class JsController could not be found.
#0 C:\gp-empresa\Project\app\webroot\index.php(92): Dispatcher->dispatch(Object(CakeRequest), Object(CakeResponse))
#1 {main}
2013-01-07 03:10:27 Error: [MissingControllerException] Controller class JsController could not be found.
#0 C:\gp-empresa\Project\app\webroot\index.php(92): Dispatcher->dispatch(Object(CakeRequest), Object(CakeResponse))
#1 {main}
2013-01-07 03:10:27 Error: [MissingControllerException] Controller class JsController could not be found.
#0 C:\gp-empresa\Project\app\webroot\index.php(92): Dispatcher->dispatch(Object(CakeRequest), Object(CakeResponse))
#1 {main}
2013-01-07 03:13:09 Error: [MissingControllerException] Controller class JsController could not be found.
#0 C:\gp-empresa\Project\app\webroot\index.php(92): Dispatcher->dispatch(Object(CakeRequest), Object(CakeResponse))
#1 {main}
2013-01-07 03:13:09 Error: [MissingControllerException] Controller class JsController could not be found.
#0 C:\gp-empresa\Project\app\webroot\index.php(92): Dispatcher->dispatch(Object(CakeRequest), Object(CakeResponse))
#1 {main}
2013-01-07 03:18:24 Error: [MissingControllerException] Controller class JsController could not be found.
#0 C:\gp-empresa\Project\app\webroot\index.php(92): Dispatcher->dispatch(Object(CakeRequest), Object(CakeResponse))
#1 {main}
2013-01-07 03:18:24 Error: [MissingControllerException] Controller class JsController could not be found.
#0 C:\gp-empresa\Project\app\webroot\index.php(92): Dispatcher->dispatch(Object(CakeRequest), Object(CakeResponse))
#1 {main}
2013-01-07 03:20:30 Error: [MissingControllerException] Controller class JsController could not be found.
#0 C:\gp-empresa\Project\app\webroot\index.php(92): Dispatcher->dispatch(Object(CakeRequest), Object(CakeResponse))
#1 {main}
2013-01-07 03:20:30 Error: [MissingControllerException] Controller class JsController could not be found.
#0 C:\gp-empresa\Project\app\webroot\index.php(92): Dispatcher->dispatch(Object(CakeRequest), Object(CakeResponse))
#1 {main}
2013-01-07 03:23:19 Error: [MissingControllerException] Controller class JsController could not be found.
#0 C:\gp-empresa\Project\app\webroot\index.php(92): Dispatcher->dispatch(Object(CakeRequest), Object(CakeResponse))
#1 {main}
2013-01-07 03:23:19 Error: [MissingControllerException] Controller class JsController could not be found.
#0 C:\gp-empresa\Project\app\webroot\index.php(92): Dispatcher->dispatch(Object(CakeRequest), Object(CakeResponse))
#1 {main}
2013-01-07 03:30:42 Error: [MissingControllerException] Controller class JsController could not be found.
#0 C:\gp-empresa\Project\app\webroot\index.php(92): Dispatcher->dispatch(Object(CakeRequest), Object(CakeResponse))
#1 {main}
2013-01-07 03:30:43 Error: [MissingControllerException] Controller class JsController could not be found.
#0 C:\gp-empresa\Project\app\webroot\index.php(92): Dispatcher->dispatch(Object(CakeRequest), Object(CakeResponse))
#1 {main}
2013-01-07 03:34:13 Error: [MissingControllerException] Controller class JsController could not be found.
#0 C:\gp-empresa\Project\app\webroot\index.php(92): Dispatcher->dispatch(Object(CakeRequest), Object(CakeResponse))
#1 {main}
2013-01-07 03:34:13 Error: [MissingControllerException] Controller class JsController could not be found.
#0 C:\gp-empresa\Project\app\webroot\index.php(92): Dispatcher->dispatch(Object(CakeRequest), Object(CakeResponse))
#1 {main}
2013-01-07 03:35:44 Error: [MissingControllerException] Controller class JsController could not be found.
#0 C:\gp-empresa\Project\app\webroot\index.php(92): Dispatcher->dispatch(Object(CakeRequest), Object(CakeResponse))
#1 {main}
2013-01-07 03:35:44 Error: [MissingControllerException] Controller class JsController could not be found.
#0 C:\gp-empresa\Project\app\webroot\index.php(92): Dispatcher->dispatch(Object(CakeRequest), Object(CakeResponse))
#1 {main}
2013-01-07 03:35:51 Error: [MissingControllerException] Controller class JsController could not be found.
#0 C:\gp-empresa\Project\app\webroot\index.php(92): Dispatcher->dispatch(Object(CakeRequest), Object(CakeResponse))
#1 {main}
2013-01-07 03:35:51 Error: [MissingControllerException] Controller class JsController could not be found.
#0 C:\gp-empresa\Project\app\webroot\index.php(92): Dispatcher->dispatch(Object(CakeRequest), Object(CakeResponse))
#1 {main}
2013-01-07 03:36:49 Error: [MissingControllerException] Controller class JsController could not be found.
#0 C:\gp-empresa\Project\app\webroot\index.php(92): Dispatcher->dispatch(Object(CakeRequest), Object(CakeResponse))
#1 {main}
2013-01-07 03:36:49 Error: [MissingControllerException] Controller class JsController could not be found.
#0 C:\gp-empresa\Project\app\webroot\index.php(92): Dispatcher->dispatch(Object(CakeRequest), Object(CakeResponse))
#1 {main}
2013-01-07 03:37:23 Error: [MissingControllerException] Controller class JsController could not be found.
#0 C:\gp-empresa\Project\app\webroot\index.php(92): Dispatcher->dispatch(Object(CakeRequest), Object(CakeResponse))
#1 {main}
2013-01-07 03:37:23 Error: [MissingControllerException] Controller class JsController could not be found.
#0 C:\gp-empresa\Project\app\webroot\index.php(92): Dispatcher->dispatch(Object(CakeRequest), Object(CakeResponse))
#1 {main}
2013-01-07 03:42:38 Error: [MissingControllerException] Controller class JsController could not be found.
#0 C:\gp-empresa\Project\app\webroot\index.php(92): Dispatcher->dispatch(Object(CakeRequest), Object(CakeResponse))
#1 {main}
2013-01-07 03:42:38 Error: [MissingControllerException] Controller class JsController could not be found.
#0 C:\gp-empresa\Project\app\webroot\index.php(92): Dispatcher->dispatch(Object(CakeRequest), Object(CakeResponse))
#1 {main}
2013-01-07 03:42:45 Error: [MissingControllerException] Controller class JsController could not be found.
#0 C:\gp-empresa\Project\app\webroot\index.php(92): Dispatcher->dispatch(Object(CakeRequest), Object(CakeResponse))
#1 {main}
2013-01-07 03:42:45 Error: [MissingControllerException] Controller class JsController could not be found.
#0 C:\gp-empresa\Project\app\webroot\index.php(92): Dispatcher->dispatch(Object(CakeRequest), Object(CakeResponse))
#1 {main}
2013-01-07 03:43:21 Error: [MissingControllerException] Controller class JsController could not be found.
#0 C:\gp-empresa\Project\app\webroot\index.php(92): Dispatcher->dispatch(Object(CakeRequest), Object(CakeResponse))
#1 {main}
2013-01-07 03:43:21 Error: [MissingControllerException] Controller class JsController could not be found.
#0 C:\gp-empresa\Project\app\webroot\index.php(92): Dispatcher->dispatch(Object(CakeRequest), Object(CakeResponse))
#1 {main}
2013-01-07 03:43:24 Error: [MissingActionException] Action CompaniesController::jquery.js() could not be found.
#0 C:\gp-empresa\Project\lib\Cake\Routing\Dispatcher.php(186): Controller->invokeAction(Object(CakeRequest))
#1 C:\gp-empresa\Project\lib\Cake\Routing\Dispatcher.php(161): Dispatcher->_invoke(Object(CompaniesController), Object(CakeRequest), Object(CakeResponse))
#2 C:\gp-empresa\Project\app\webroot\index.php(92): Dispatcher->dispatch(Object(CakeRequest), Object(CakeResponse))
#3 {main}
2013-01-07 03:43:24 Error: [MissingActionException] Action CompaniesController::jquery.maskedinput.js() could not be found.
#0 C:\gp-empresa\Project\lib\Cake\Routing\Dispatcher.php(186): Controller->invokeAction(Object(CakeRequest))
#1 C:\gp-empresa\Project\lib\Cake\Routing\Dispatcher.php(161): Dispatcher->_invoke(Object(CompaniesController), Object(CakeRequest), Object(CakeResponse))
#2 C:\gp-empresa\Project\app\webroot\index.php(92): Dispatcher->dispatch(Object(CakeRequest), Object(CakeResponse))
#3 {main}
2013-01-07 03:45:28 Error: [MissingControllerException] Controller class JsController could not be found.
#0 C:\gp-empresa\Project\app\webroot\index.php(92): Dispatcher->dispatch(Object(CakeRequest), Object(CakeResponse))
#1 {main}
2013-01-07 03:45:28 Error: [MissingControllerException] Controller class JsController could not be found.
#0 C:\gp-empresa\Project\app\webroot\index.php(92): Dispatcher->dispatch(Object(CakeRequest), Object(CakeResponse))
#1 {main}
2013-01-07 03:56:05 Error: [MissingControllerException] Controller class JsController could not be found.
#0 C:\gp-empresa\Project\app\webroot\index.php(92): Dispatcher->dispatch(Object(CakeRequest), Object(CakeResponse))
#1 {main}
2013-01-07 03:56:05 Error: [MissingControllerException] Controller class JsController could not be found.
#0 C:\gp-empresa\Project\app\webroot\index.php(92): Dispatcher->dispatch(Object(CakeRequest), Object(CakeResponse))
#1 {main}
2013-01-07 03:56:15 Error: [MissingControllerException] Controller class JsController could not be found.
#0 C:\gp-empresa\Project\app\webroot\index.php(92): Dispatcher->dispatch(Object(CakeRequest), Object(CakeResponse))
#1 {main}
2013-01-07 03:56:15 Error: [MissingControllerException] Controller class JsController could not be found.
#0 C:\gp-empresa\Project\app\webroot\index.php(92): Dispatcher->dispatch(Object(CakeRequest), Object(CakeResponse))
#1 {main}
2013-01-07 04:04:06 Error: [MissingControllerException] Controller class JsController could not be found.
#0 C:\gp-empresa\Project\app\webroot\index.php(92): Dispatcher->dispatch(Object(CakeRequest), Object(CakeResponse))
#1 {main}
2013-01-07 04:04:06 Error: [MissingControllerException] Controller class JsController could not be found.
#0 C:\gp-empresa\Project\app\webroot\index.php(92): Dispatcher->dispatch(Object(CakeRequest), Object(CakeResponse))
#1 {main}
2013-01-07 04:05:03 Error: [MissingControllerException] Controller class JsController could not be found.
#0 C:\gp-empresa\Project\app\webroot\index.php(92): Dispatcher->dispatch(Object(CakeRequest), Object(CakeResponse))
#1 {main}
2013-01-07 04:05:03 Error: [MissingControllerException] Controller class JsController could not be found.
#0 C:\gp-empresa\Project\app\webroot\index.php(92): Dispatcher->dispatch(Object(CakeRequest), Object(CakeResponse))
#1 {main}
2013-01-07 04:23:56 Error: [MissingActionException] Action CompaniesController::jquery.maskedinput.js() could not be found.
#0 C:\gp-empresa\Project\lib\Cake\Routing\Dispatcher.php(186): Controller->invokeAction(Object(CakeRequest))
#1 C:\gp-empresa\Project\lib\Cake\Routing\Dispatcher.php(161): Dispatcher->_invoke(Object(CompaniesController), Object(CakeRequest), Object(CakeResponse))
#2 C:\gp-empresa\Project\app\webroot\index.php(92): Dispatcher->dispatch(Object(CakeRequest), Object(CakeResponse))
#3 {main}
2013-01-07 04:23:56 Error: [MissingActionException] Action CompaniesController::jquery.js() could not be found.
#0 C:\gp-empresa\Project\lib\Cake\Routing\Dispatcher.php(186): Controller->invokeAction(Object(CakeRequest))
#1 C:\gp-empresa\Project\lib\Cake\Routing\Dispatcher.php(161): Dispatcher->_invoke(Object(CompaniesController), Object(CakeRequest), Object(CakeResponse))
#2 C:\gp-empresa\Project\app\webroot\index.php(92): Dispatcher->dispatch(Object(CakeRequest), Object(CakeResponse))
#3 {main}
2013-01-07 04:43:26 Error: [MissingControllerException] Controller class JsController could not be found.
#0 C:\gp-empresa\Project\app\webroot\index.php(92): Dispatcher->dispatch(Object(CakeRequest), Object(CakeResponse))
#1 {main}
2013-01-07 04:43:26 Error: [MissingControllerException] Controller class JsController could not be found.
#0 C:\gp-empresa\Project\app\webroot\index.php(92): Dispatcher->dispatch(Object(CakeRequest), Object(CakeResponse))
#1 {main}
2013-01-07 04:43:38 Error: [MissingActionException] Action CompaniesController::jquery.js() could not be found.
#0 C:\gp-empresa\Project\lib\Cake\Routing\Dispatcher.php(186): Controller->invokeAction(Object(CakeRequest))
#1 C:\gp-empresa\Project\lib\Cake\Routing\Dispatcher.php(161): Dispatcher->_invoke(Object(CompaniesController), Object(CakeRequest), Object(CakeResponse))
#2 C:\gp-empresa\Project\app\webroot\index.php(92): Dispatcher->dispatch(Object(CakeRequest), Object(CakeResponse))
#3 {main}
2013-01-07 04:43:38 Error: [MissingActionException] Action CompaniesController::validacnpj.js() could not be found.
#0 C:\gp-empresa\Project\lib\Cake\Routing\Dispatcher.php(186): Controller->invokeAction(Object(CakeRequest))
#1 C:\gp-empresa\Project\lib\Cake\Routing\Dispatcher.php(161): Dispatcher->_invoke(Object(CompaniesController), Object(CakeRequest), Object(CakeResponse))
#2 C:\gp-empresa\Project\app\webroot\index.php(92): Dispatcher->dispatch(Object(CakeRequest), Object(CakeResponse))
#3 {main}
2013-01-07 04:43:38 Error: [MissingActionException] Action CompaniesController::jquery.maskedinput.js() could not be found.
#0 C:\gp-empresa\Project\lib\Cake\Routing\Dispatcher.php(186): Controller->invokeAction(Object(CakeRequest))
#1 C:\gp-empresa\Project\lib\Cake\Routing\Dispatcher.php(161): Dispatcher->_invoke(Object(CompaniesController), Object(CakeRequest), Object(CakeResponse))
#2 C:\gp-empresa\Project\app\webroot\index.php(92): Dispatcher->dispatch(Object(CakeRequest), Object(CakeResponse))
#3 {main}
2013-01-07 04:47:00 Error: [MissingControllerException] Controller class JsController could not be found.
#0 C:\gp-empresa\Project\app\webroot\index.php(92): Dispatcher->dispatch(Object(CakeRequest), Object(CakeResponse))
#1 {main}
2013-01-07 04:47:00 Error: [MissingControllerException] Controller class JsController could not be found.
#0 C:\gp-empresa\Project\app\webroot\index.php(92): Dispatcher->dispatch(Object(CakeRequest), Object(CakeResponse))
#1 {main}
2013-01-07 04:47:07 Error: [MissingControllerException] Controller class JsController could not be found.
#0 C:\gp-empresa\Project\app\webroot\index.php(92): Dispatcher->dispatch(Object(CakeRequest), Object(CakeResponse))
#1 {main}
2013-01-07 04:47:07 Error: [MissingControllerException] Controller class JsController could not be found.
#0 C:\gp-empresa\Project\app\webroot\index.php(92): Dispatcher->dispatch(Object(CakeRequest), Object(CakeResponse))
#1 {main}
2013-01-07 04:47:13 Error: [MissingControllerException] Controller class JsController could not be found.
#0 C:\gp-empresa\Project\app\webroot\index.php(92): Dispatcher->dispatch(Object(CakeRequest), Object(CakeResponse))
#1 {main}
2013-01-07 04:47:13 Error: [MissingControllerException] Controller class JsController could not be found.
#0 C:\gp-empresa\Project\app\webroot\index.php(92): Dispatcher->dispatch(Object(CakeRequest), Object(CakeResponse))
#1 {main}
2013-01-07 04:47:16 Error: [MissingActionException] Action CompaniesController::jquery.maskedinput.js() could not be found.
#0 C:\gp-empresa\Project\lib\Cake\Routing\Dispatcher.php(186): Controller->invokeAction(Object(CakeRequest))
#1 C:\gp-empresa\Project\lib\Cake\Routing\Dispatcher.php(161): Dispatcher->_invoke(Object(CompaniesController), Object(CakeRequest), Object(CakeResponse))
#2 C:\gp-empresa\Project\app\webroot\index.php(92): Dispatcher->dispatch(Object(CakeRequest), Object(CakeResponse))
#3 {main}
2013-01-07 04:47:16 Error: [MissingActionException] Action CompaniesController::jquery.js() could not be found.
#0 C:\gp-empresa\Project\lib\Cake\Routing\Dispatcher.php(186): Controller->invokeAction(Object(CakeRequest))
#1 C:\gp-empresa\Project\lib\Cake\Routing\Dispatcher.php(161): Dispatcher->_invoke(Object(CompaniesController), Object(CakeRequest), Object(CakeResponse))
#2 C:\gp-empresa\Project\app\webroot\index.php(92): Dispatcher->dispatch(Object(CakeRequest), Object(CakeResponse))
#3 {main}
2013-01-07 04:47:16 Error: [MissingActionException] Action CompaniesController::validacnpj.js() could not be found.
#0 C:\gp-empresa\Project\lib\Cake\Routing\Dispatcher.php(186): Controller->invokeAction(Object(CakeRequest))
#1 C:\gp-empresa\Project\lib\Cake\Routing\Dispatcher.php(161): Dispatcher->_invoke(Object(CompaniesController), Object(CakeRequest), Object(CakeResponse))
#2 C:\gp-empresa\Project\app\webroot\index.php(92): Dispatcher->dispatch(Object(CakeRequest), Object(CakeResponse))
#3 {main}
2013-01-07 04:47:45 Error: [MissingActionException] Action CompaniesController::validacnpj.js() could not be found.
#0 C:\gp-empresa\Project\lib\Cake\Routing\Dispatcher.php(186): Controller->invokeAction(Object(CakeRequest))
#1 C:\gp-empresa\Project\lib\Cake\Routing\Dispatcher.php(161): Dispatcher->_invoke(Object(CompaniesController), Object(CakeRequest), Object(CakeResponse))
#2 C:\gp-empresa\Project\app\webroot\index.php(92): Dispatcher->dispatch(Object(CakeRequest), Object(CakeResponse))
#3 {main}
2013-01-07 04:47:45 Error: [MissingActionException] Action CompaniesController::jquery.js() could not be found.
#0 C:\gp-empresa\Project\lib\Cake\Routing\Dispatcher.php(186): Controller->invokeAction(Object(CakeRequest))
#1 C:\gp-empresa\Project\lib\Cake\Routing\Dispatcher.php(161): Dispatcher->_invoke(Object(CompaniesController), Object(CakeRequest), Object(CakeResponse))
#2 C:\gp-empresa\Project\app\webroot\index.php(92): Dispatcher->dispatch(Object(CakeRequest), Object(CakeResponse))
#3 {main}
2013-01-07 04:47:45 Error: [MissingActionException] Action CompaniesController::jquery.maskedinput.js() could not be found.
#0 C:\gp-empresa\Project\lib\Cake\Routing\Dispatcher.php(186): Controller->invokeAction(Object(CakeRequest))
#1 C:\gp-empresa\Project\lib\Cake\Routing\Dispatcher.php(161): Dispatcher->_invoke(Object(CompaniesController), Object(CakeRequest), Object(CakeResponse))
#2 C:\gp-empresa\Project\app\webroot\index.php(92): Dispatcher->dispatch(Object(CakeRequest), Object(CakeResponse))
#3 {main}
2013-01-07 04:51:20 Error: [MissingActionException] Action CompaniesController::jquery.js() could not be found.
#0 C:\gp-empresa\Project\lib\Cake\Routing\Dispatcher.php(186): Controller->invokeAction(Object(CakeRequest))
#1 C:\gp-empresa\Project\lib\Cake\Routing\Dispatcher.php(161): Dispatcher->_invoke(Object(CompaniesController), Object(CakeRequest), Object(CakeResponse))
#2 C:\gp-empresa\Project\app\webroot\index.php(92): Dispatcher->dispatch(Object(CakeRequest), Object(CakeResponse))
#3 {main}
2013-01-07 04:51:20 Error: [MissingActionException] Action CompaniesController::validacnpj.js() could not be found.
#0 C:\gp-empresa\Project\lib\Cake\Routing\Dispatcher.php(186): Controller->invokeAction(Object(CakeRequest))
#1 C:\gp-empresa\Project\lib\Cake\Routing\Dispatcher.php(161): Dispatcher->_invoke(Object(CompaniesController), Object(CakeRequest), Object(CakeResponse))
#2 C:\gp-empresa\Project\app\webroot\index.php(92): Dispatcher->dispatch(Object(CakeRequest), Object(CakeResponse))
#3 {main}
 {main}
2013-01-07 05:27:01 Error: [MissingControllerException] Controller class JsController could not be found.
#0 C:\gp-empresa\Project\app\webroot\index.php(92): Dispatcher->dispatch(Object(CakeRequest), Object(CakeResponse))
#1 {main}
2013-01-07 05:27:01 Error: [MissingControllerException] Controller class JsController could not be found.
#0 C:\gp-empresa\Project\app\webroot\index.php(92): Dispatcher->dispatch(Object(CakeRequest), Object(CakeResponse))
#1 {main}
2013-01-07 05:27:13 Error: [NotFoundException] Invalid post
#0 [internal function]: CompaniesController->edit('jquery.js')
#1 C:\gp-empresa\Project\lib\Cake\Controller\Controller.php(485): ReflectionMethod->invokeArgs(Object(CompaniesController), Array)
#2 C:\gp-empresa\Project\lib\Cake\Routing\Dispatcher.php(186): Controller->invokeAction(Object(CakeRequest))
#3 C:\gp-empresa\Project\lib\Cake\Routing\Dispatcher.php(161): Dispatcher->_invoke(Object(CompaniesController), Object(CakeRequest), Object(CakeResponse))
#4 C:\gp-empresa\Project\app\webroot\index.php(92): Dispatcher->dispatch(Object(CakeRequest), Object(CakeResponse))
#5 {main}
2013-01-07 05:27:14 Error: [NotFoundException] Invalid post
#0 [internal function]: CompaniesController->edit('jquery.maskedin...')
#1 C:\gp-empresa\Project\lib\Cake\Controller\Controller.php(485): ReflectionMethod->invokeArgs(Object(CompaniesController), Array)
#2 C:\gp-empresa\Project\lib\Cake\Routing\Dispatcher.php(186): Controller->invokeAction(Object(CakeRequest))
#3 C:\gp-empresa\Project\lib\Cake\Routing\Dispatcher.php(161): Dispatcher->_invoke(Object(CompaniesController), Object(CakeRequest), Object(CakeResponse))
#4 C:\gp-empresa\Project\app\webroot\index.php(92): Dispatcher->dispatch(Object(CakeRequest), Object(CakeResponse))
#5 {main}
2013-01-07 05:28:24 Error: [MissingControllerException] Controller class JsController could not be found.
#0 C:\gp-empresa\Project\app\webroot\index.php(92): Dispatcher->dispatch(Object(CakeRequest), Object(CakeResponse))
#1 {main}
2013-01-07 05:28:24 Error: [MissingControllerException] Controller class JsController could not be found.
#0 C:\gp-empresa\Project\app\webroot\index.php(92): Dispatcher->dispatch(Object(CakeRequest), Object(CakeResponse))
#1 {main}
2013-01-07 05:28:30 Error: [NotFoundException] Invalid post
#0 [internal function]: CompaniesController->edit('jquery.js')
#1 C:\gp-empresa\Project\lib\Cake\Controller\Controller.php(485): ReflectionMethod->invokeArgs(Object(CompaniesController), Array)
#2 C:\gp-empresa\Project\lib\Cake\Routing\Dispatcher.php(186): Controller->invokeAction(Object(CakeRequest))
#3 C:\gp-empresa\Project\lib\Cake\Routing\Dispatcher.php(161): Dispatcher->_invoke(Object(CompaniesController), Object(CakeRequest), Object(CakeResponse))
#4 C:\gp-empresa\Project\app\webroot\index.php(92): Dispatcher->dispatch(Object(CakeRequest), Object(CakeResponse))
#5 {main}
2013-01-07 05:28:30 Error: [NotFoundException] Invalid post
#0 [internal function]: CompaniesController->edit('jquery.maskedin...')
#1 C:\gp-empresa\Project\lib\Cake\Controller\Controller.php(485): ReflectionMethod->invokeArgs(Object(CompaniesController), Array)
#2 C:\gp-empresa\Project\lib\Cake\Routing\Dispatcher.php(186): Controller->invokeAction(Object(CakeRequest))
#3 C:\gp-empresa\Project\lib\Cake\Routing\Dispatcher.php(161): Dispatcher->_invoke(Object(CompaniesController), Object(CakeRequest), Object(CakeResponse))
#4 C:\gp-empresa\Project\app\webroot\index.php(92): Dispatcher->dispatch(Object(CakeRequest), Object(CakeResponse))
#5 {main}
2013-01-09 03:50:14 Error: [MissingControllerException] Controller class JsController could not be found.
#0 C:\gp-empresa\Project\app\webroot\index.php(92): Dispatcher->dispatch(Object(CakeRequest), Object(CakeResponse))
#1 {main}
2013-01-09 04:00:29 Error: [MissingActionException] Action PagesController::index() could not be found.
#0 C:\gp-empresa\Project\lib\Cake\Routing\Dispatcher.php(186): Controller->invokeAction(Object(CakeRequest))
#1 C:\gp-empresa\Project\lib\Cake\Routing\Dispatcher.php(161): Dispatcher->_invoke(Object(PagesController), Object(CakeRequest), Object(CakeResponse))
#2 C:\gp-empresa\Project\app\webroot\index.php(92): Dispatcher->dispatch(Object(CakeRequest), Object(CakeResponse))
#3 {main}
2013-01-11 00:37:02 Error: [MissingControllerException] Controller class CssController could not be found.
#0 C:\gp-empresa\Project\app\webroot\index.php(92): Dispatcher->dispatch(Object(CakeRequest), Object(CakeResponse))
#1 {main}
2013-01-11 00:40:34 Error: [MissingTableException] Table projects for model Project was not found in datasource default.
#0 C:\gp-empresa\Project\lib\Cake\Model\Model.php(3186): Model->setSource('projects')
#1 C:\gp-empresa\Project\lib\Cake\Model\Model.php(2637): Model->getDataSource()
#2 C:\gp-empresa\Project\lib\Cake\Controller\Component\PaginatorComponent.php(173): Model->find('all', Array)
#3 C:\gp-empresa\Project\lib\Cake\Controller\Controller.php(1081): PaginatorComponent->paginate(NULL, Array, Array)
#4 C:\gp-empresa\Project\app\Controller\ProjectsController.php(9): Controller->paginate()
#5 [internal function]: ProjectsController->index()
#6 C:\gp-empresa\Project\lib\Cake\Controller\Controller.php(485): ReflectionMethod->invokeArgs(Object(ProjectsController), Array)
#7 C:\gp-empresa\Project\lib\Cake\Routing\Dispatcher.php(186): Controller->invokeAction(Object(CakeRequest))
#8 C:\gp-empresa\Project\lib\Cake\Routing\Dispatcher.php(161): Dispatcher->_invoke(Object(ProjectsController), Object(CakeRequest), Object(CakeResponse))
#9 C:\gp-empresa\Project\app\webroot\index.php(92): Dispatcher->dispatch(Object(CakeRequest), Object(CakeResponse))
#10 {main}
2013-01-11 00:43:53 Error: [MissingViewException] View file "C:\gp-empresa\Project\app\View\Projects\index.ctp" is missing.
#0 C:\gp-empresa\Project\lib\Cake\View\View.php(473): View->_getViewFileName(NULL)
#1 C:\gp-empresa\Project\lib\Cake\Controller\Controller.php(956): View->render(NULL, NULL)
#2 C:\gp-empresa\Project\lib\Cake\Routing\Dispatcher.php(193): Controller->render()
#3 C:\gp-empresa\Project\lib\Cake\Routing\Dispatcher.php(161): Dispatcher->_invoke(Object(ProjectsController), Object(CakeRequest), Object(CakeResponse))
#4 C:\gp-empresa\Project\app\webroot\index.php(92): Dispatcher->dispatch(Object(CakeRequest), Object(CakeResponse))
#5 {main}
2013-01-11 01:36:45 Error: [MissingViewException] View file "C:\gp-empresa\Project\app\View\Projects\index.ctp" is missing.
#0 C:\gp-empresa\Project\lib\Cake\View\View.php(473): View->_getViewFileName(NULL)
#1 C:\gp-empresa\Project\lib\Cake\Controller\Controller.php(956): View->render(NULL, NULL)
#2 C:\gp-empresa\Project\lib\Cake\Routing\Dispatcher.php(193): Controller->render()
#3 C:\gp-empresa\Project\lib\Cake\Routing\Dispatcher.php(161): Dispatcher->_invoke(Object(ProjectsController), Object(CakeRequest), Object(CakeResponse))
#4 C:\gp-empresa\Project\app\webroot\index.php(92): Dispatcher->dispatch(Object(CakeRequest), Object(CakeResponse))
#5 {main}
2013-01-13 01:30:57 Error: [MissingControllerException] Controller class ProjectController could not be found.
#0 C:\gp-empresa\Project\app\webroot\index.php(92): Dispatcher->dispatch(Object(CakeRequest), Object(CakeResponse))
#1 {main}
2013-01-13 22:33:01 Error: [MissingControllerException] Controller class ProjectController could not be found.
#0 C:\gp-empresa\Project\app\webroot\index.php(92): Dispatcher->dispatch(Object(CakeRequest), Object(CakeResponse))
#1 {main}
2013-01-13 22:33:48 Error: [MissingControllerException] Controller class IndexController could not be found.
#0 C:\gp-empresa\Project\app\webroot\index.php(92): Dispatcher->dispatch(Object(CakeRequest), Object(CakeResponse))
#1 {main}
2013-01-13 22:44:23 Error: [PDOException] SQLSTATE[42000]: Syntax error or access violation: 1064 You have an error in your SQL syntax; check the manual that corresponds to your MySQL server version for the right syntax to use near '== NULL AND `Project`.`company_id` == NULL    LIMIT 1' at line 1
#0 C:\gp-empresa\Project\lib\Cake\Model\Datasource\DboSource.php(459): PDOStatement->execute(Array)
#1 C:\gp-empresa\Project\lib\Cake\Model\Datasource\DboSource.php(425): DboSource->_execute('SELECT `Project...', Array)
#2 C:\gp-empresa\Project\lib\Cake\Model\Datasource\DboSource.php(669): DboSource->execute('SELECT `Project...', Array, Array)
#3 C:\gp-empresa\Project\lib\Cake\Model\Datasource\DboSource.php(1080): DboSource->fetchAll('SELECT `Project...', false)
#4 C:\gp-empresa\Project\lib\Cake\Model\Model.php(2637): DboSource->read(Object(Project), Array)
#5 C:\gp-empresa\Project\app\Controller\ProjectsController.php(55): Model->find('first', Array)
#6 C:\gp-empresa\Project\app\Controller\ProjectsController.php(28): ProjectsController->existe(NULL)
#7 [internal function]: ProjectsController->add()
#8 C:\gp-empresa\Project\lib\Cake\Controller\Controller.php(485): ReflectionMethod->invokeArgs(Object(ProjectsController), Array)
#9 C:\gp-empresa\Project\lib\Cake\Routing\Dispatcher.php(186): Controller->invokeAction(Object(CakeRequest))
#10 C:\gp-empresa\Project\lib\Cake\Routing\Dispatcher.php(161): Dispatcher->_invoke(Object(ProjectsController), Object(CakeRequest), Object(CakeResponse))
#11 C:\gp-empresa\Project\app\webroot\index.php(92): Dispatcher->dispatch(Object(CakeRequest), Object(CakeResponse))
#12 {main}
2013-01-13 22:57:29 Error: [PDOException] SQLSTATE[42000]: Syntax error or access violation: 1064 You have an error in your SQL syntax; check the manual that corresponds to your MySQL server version for the right syntax to use near '==  AND `Project`.`company_id` == NULL    LIMIT 1' at line 1
#0 C:\gp-empresa\Project\lib\Cake\Model\Datasource\DboSource.php(459): PDOStatement->execute(Array)
#1 C:\gp-empresa\Project\lib\Cake\Model\Datasource\DboSource.php(425): DboSource->_execute('SELECT `Project...', Array)
#2 C:\gp-empresa\Project\lib\Cake\Model\Datasource\DboSource.php(669): DboSource->execute('SELECT `Project...', Array, Array)
#3 C:\gp-empresa\Project\lib\Cake\Model\Datasource\DboSource.php(1080): DboSource->fetchAll('SELECT `Project...', false)
#4 C:\gp-empresa\Project\lib\Cake\Model\Model.php(2637): DboSource->read(Object(Project), Array)
#5 C:\gp-empresa\Project\app\Controller\ProjectsController.php(55): Model->find('first', Array)
#6 C:\gp-empresa\Project\app\Controller\ProjectsController.php(28): ProjectsController->existe(Object(CakeRequest))
#7 [internal function]: ProjectsController->add()
#8 C:\gp-empresa\Project\lib\Cake\Controller\Controller.php(485): ReflectionMethod->invokeArgs(Object(ProjectsController), Array)
#9 C:\gp-empresa\Project\lib\Cake\Routing\Dispatcher.php(186): Controller->invokeAction(Object(CakeRequest))
#10 C:\gp-empresa\Project\lib\Cake\Routing\Dispatcher.php(161): Dispatcher->_invoke(Object(ProjectsController), Object(CakeRequest), Object(CakeResponse))
#11 C:\gp-empresa\Project\app\webroot\index.php(92): Dispatcher->dispatch(Object(CakeRequest), Object(CakeResponse))
#12 {main}
2013-01-13 22:59:29 Error: [PDOException] SQLSTATE[42000]: Syntax error or access violation: 1064 You have an error in your SQL syntax; check the manual that corresponds to your MySQL server version for the right syntax to use near '== NULL AND `Project`.`company_id` == NULL    LIMIT 1' at line 1
#0 C:\gp-empresa\Project\lib\Cake\Model\Datasource\DboSource.php(459): PDOStatement->execute(Array)
#1 C:\gp-empresa\Project\lib\Cake\Model\Datasource\DboSource.php(425): DboSource->_execute('SELECT `Project...', Array)
#2 C:\gp-empresa\Project\lib\Cake\Model\Datasource\DboSource.php(669): DboSource->execute('SELECT `Project...', Array, Array)
#3 C:\gp-empresa\Project\lib\Cake\Model\Datasource\DboSource.php(1080): DboSource->fetchAll('SELECT `Project...', false)
#4 C:\gp-empresa\Project\lib\Cake\Model\Model.php(2637): DboSource->read(Object(Project), Array)
#5 C:\gp-empresa\Project\app\Controller\ProjectsController.php(55): Model->find('first', Array)
#6 C:\gp-empresa\Project\app\Controller\ProjectsController.php(28): ProjectsController->existe(NULL, NULL)
#7 [internal function]: ProjectsController->add()
#8 C:\gp-empresa\Project\lib\Cake\Controller\Controller.php(485): ReflectionMethod->invokeArgs(Object(ProjectsController), Array)
#9 C:\gp-empresa\Project\lib\Cake\Routing\Dispatcher.php(186): Controller->invokeAction(Object(CakeRequest))
#10 C:\gp-empresa\Project\lib\Cake\Routing\Dispatcher.php(161): Dispatcher->_invoke(Object(ProjectsController), Object(CakeRequest), Object(CakeResponse))
#11 C:\gp-empresa\Project\app\webroot\index.php(92): Dispatcher->dispatch(Object(CakeRequest), Object(CakeResponse))
#12 {main}
2013-01-13 23:05:29 Error: [PDOException] SQLSTATE[42000]: Syntax error or access violation: 1064 You have an error in your SQL syntax; check the manual that corresponds to your MySQL server version for the right syntax to use near '== NULL AND `Project`.`company_id` == NULL    LIMIT 1' at line 1
#0 C:\gp-empresa\Project\lib\Cake\Model\Datasource\DboSource.php(459): PDOStatement->execute(Array)
#1 C:\gp-empresa\Project\lib\Cake\Model\Datasource\DboSource.php(425): DboSource->_execute('SELECT `Project...', Array)
#2 C:\gp-empresa\Project\lib\Cake\Model\Datasource\DboSource.php(669): DboSource->execute('SELECT `Project...', Array, Array)
#3 C:\gp-empresa\Project\lib\Cake\Model\Datasource\DboSource.php(1080): DboSource->fetchAll('SELECT `Project...', false)
#4 C:\gp-empresa\Project\lib\Cake\Model\Model.php(2637): DboSource->read(Object(Project), Array)
#5 C:\gp-empresa\Project\app\Controller\ProjectsController.php(55): Model->find('first', Array)
#6 C:\gp-empresa\Project\app\Controller\ProjectsController.php(28): ProjectsController->existe(NULL, NULL)
#7 [internal function]: ProjectsController->add()
#8 C:\gp-empresa\Project\lib\Cake\Controller\Controller.php(485): ReflectionMethod->invokeArgs(Object(ProjectsController), Array)
#9 C:\gp-empresa\Project\lib\Cake\Routing\Dispatcher.php(186): Controller->invokeAction(Object(CakeRequest))
#10 C:\gp-empresa\Project\lib\Cake\Routing\Dispatcher.php(161): Dispatcher->_invoke(Object(ProjectsController), Object(CakeRequest), Object(CakeResponse))
#11 C:\gp-empresa\Project\app\webroot\index.php(92): Dispatcher->dispatch(Object(CakeRequest), Object(CakeResponse))
#12 {main}
2013-01-13 23:07:34 Error: [PDOException] SQLSTATE[42000]: Syntax error or access violation: 1064 You have an error in your SQL syntax; check the manual that corresponds to your MySQL server version for the right syntax to use near '== NULL AND `Project`.`company_id` == NULL    LIMIT 1' at line 1
#0 C:\gp-empresa\Project\lib\Cake\Model\Datasource\DboSource.php(459): PDOStatement->execute(Array)
#1 C:\gp-empresa\Project\lib\Cake\Model\Datasource\DboSource.php(425): DboSource->_execute('SELECT `Project...', Array)
#2 C:\gp-empresa\Project\lib\Cake\Model\Datasource\DboSource.php(669): DboSource->execute('SELECT `Project...', Array, Array)
#3 C:\gp-empresa\Project\lib\Cake\Model\Datasource\DboSource.php(1080): DboSource->fetchAll('SELECT `Project...', false)
#4 C:\gp-empresa\Project\lib\Cake\Model\Model.php(2637): DboSource->read(Object(Project), Array)
#5 C:\gp-empresa\Project\app\Controller\ProjectsController.php(55): Model->find('first', Array)
#6 C:\gp-empresa\Project\app\Controller\ProjectsController.php(28): ProjectsController->existe(NULL, NULL)
#7 [internal function]: ProjectsController->add()
#8 C:\gp-empresa\Project\lib\Cake\Controller\Controller.php(485): ReflectionMethod->invokeArgs(Object(ProjectsController), Array)
#9 C:\gp-empresa\Project\lib\Cake\Routing\Dispatcher.php(186): Controller->invokeAction(Object(CakeRequest))
#10 C:\gp-empresa\Project\lib\Cake\Routing\Dispatcher.php(161): Dispatcher->_invoke(Object(ProjectsController), Object(CakeRequest), Object(CakeResponse))
#11 C:\gp-empresa\Project\app\webroot\index.php(92): Dispatcher->dispatch(Object(CakeRequest), Object(CakeResponse))
#12 {main}
2013-01-13 23:08:45 Error: [PDOException] SQLSTATE[42000]: Syntax error or access violation: 1064 You have an error in your SQL syntax; check the manual that corresponds to your MySQL server version for the right syntax to use near '== NULL AND `Project`.`company_id` == NULL    LIMIT 1' at line 1
#0 C:\gp-empresa\Project\lib\Cake\Model\Datasource\DboSource.php(459): PDOStatement->execute(Array)
#1 C:\gp-empresa\Project\lib\Cake\Model\Datasource\DboSource.php(425): DboSource->_execute('SELECT `Project...', Array)
#2 C:\gp-empresa\Project\lib\Cake\Model\Datasource\DboSource.php(669): DboSource->execute('SELECT `Project...', Array, Array)
#3 C:\gp-empresa\Project\lib\Cake\Model\Datasource\DboSource.php(1080): DboSource->fetchAll('SELECT `Project...', false)
#4 C:\gp-empresa\Project\lib\Cake\Model\Model.php(2637): DboSource->read(Object(Project), Array)
#5 C:\gp-empresa\Project\app\Controller\ProjectsController.php(55): Model->find('first', Array)
#6 C:\gp-empresa\Project\app\Controller\ProjectsController.php(28): ProjectsController->existe(NULL, NULL)
#7 [internal function]: ProjectsController->add()
#8 C:\gp-empresa\Project\lib\Cake\Controller\Controller.php(485): ReflectionMethod->invokeArgs(Object(ProjectsController), Array)
#9 C:\gp-empresa\Project\lib\Cake\Routing\Dispatcher.php(186): Controller->invokeAction(Object(CakeRequest))
#10 C:\gp-empresa\Project\lib\Cake\Routing\Dispatcher.php(161): Dispatcher->_invoke(Object(ProjectsController), Object(CakeRequest), Object(CakeResponse))
#11 C:\gp-empresa\Project\app\webroot\index.php(92): Dispatcher->dispatch(Object(CakeRequest), Object(CakeResponse))
#12 {main}
2013-01-13 23:10:37 Error: [PDOException] SQLSTATE[42000]: Syntax error or access violation: 1064 You have an error in your SQL syntax; check the manual that corresponds to your MySQL server version for the right syntax to use near 'data' at line 1
#0 C:\gp-empresa\Project\lib\Cake\Model\Datasource\DboSource.php(459): PDOStatement->execute(Array)
#1 C:\gp-empresa\Project\lib\Cake\Model\Datasource\DboSource.php(425): DboSource->_execute('data', Array)
#2 C:\gp-empresa\Project\lib\Cake\Model\Datasource\DboSource.php(669): DboSource->execute('data', Array, Array)
#3 C:\gp-empresa\Project\lib\Cake\Model\Datasource\DboSource.php(611): DboSource->fetchAll('data', Array, Array)
#4 C:\gp-empresa\Project\lib\Cake\Model\Model.php(788): DboSource->query('data', Array, Object(Project))
#5 C:\gp-empresa\Project\app\Controller\ProjectsController.php(28): Model->__call('data', Array)
#6 C:\gp-empresa\Project\app\Controller\ProjectsController.php(28): Project->data('name')
#7 [internal function]: ProjectsController->add()
#8 C:\gp-empresa\Project\lib\Cake\Controller\Controller.php(485): ReflectionMethod->invokeArgs(Object(ProjectsController), Array)
#9 C:\gp-empresa\Project\lib\Cake\Routing\Dispatcher.php(186): Controller->invokeAction(Object(CakeRequest))
#10 C:\gp-empresa\Project\lib\Cake\Routing\Dispatcher.php(161): Dispatcher->_invoke(Object(ProjectsController), Object(CakeRequest), Object(CakeResponse))
#11 C:\gp-empresa\Project\app\webroot\index.php(92): Dispatcher->dispatch(Object(CakeRequest), Object(CakeResponse))
#12 {main}
2013-01-13 23:15:49 Error: [PDOException] SQLSTATE[42000]: Syntax error or access violation: 1064 You have an error in your SQL syntax; check the manual that corresponds to your MySQL server version for the right syntax to use near '== '' AND `Project`.`company_id` == ''    LIMIT 1' at line 1
#0 C:\gp-empresa\Project\lib\Cake\Model\Datasource\DboSource.php(459): PDOStatement->execute(Array)
#1 C:\gp-empresa\Project\lib\Cake\Model\Datasource\DboSource.php(425): DboSource->_execute('SELECT `Project...', Array)
#2 C:\gp-empresa\Project\lib\Cake\Model\Datasource\DboSource.php(669): DboSource->execute('SELECT `Project...', Array, Array)
#3 C:\gp-empresa\Project\lib\Cake\Model\Datasource\DboSource.php(1080): DboSource->fetchAll('SELECT `Project...', false)
#4 C:\gp-empresa\Project\lib\Cake\Model\Model.php(2637): DboSource->read(Object(Project), Array)
#5 C:\gp-empresa\Project\app\Controller\ProjectsController.php(55): Model->find('first', Array)
#6 C:\gp-empresa\Project\app\Controller\ProjectsController.php(28): ProjectsController->existe(false, false)
#7 [internal function]: ProjectsController->add()
#8 C:\gp-empresa\Project\lib\Cake\Controller\Controller.php(485): ReflectionMethod->invokeArgs(Object(ProjectsController), Array)
#9 C:\gp-empresa\Project\lib\Cake\Routing\Dispatcher.php(186): Controller->invokeAction(Object(CakeRequest))
#10 C:\gp-empresa\Project\lib\Cake\Routing\Dispatcher.php(161): Dispatcher->_invoke(Object(ProjectsController), Object(CakeRequest), Object(CakeResponse))
#11 C:\gp-empresa\Project\app\webroot\index.php(92): Dispatcher->dispatch(Object(CakeRequest), Object(CakeResponse))
#12 {main}
2013-01-13 23:16:58 Error: [PDOException] SQLSTATE[42000]: Syntax error or access violation: 1064 You have an error in your SQL syntax; check the manual that corresponds to your MySQL server version for the right syntax to use near '== '' AND `Project`.`company_id` == ''    LIMIT 1' at line 1
#0 C:\gp-empresa\Project\lib\Cake\Model\Datasource\DboSource.php(459): PDOStatement->execute(Array)
#1 C:\gp-empresa\Project\lib\Cake\Model\Datasource\DboSource.php(425): DboSource->_execute('SELECT `Project...', Array)
#2 C:\gp-empresa\Project\lib\Cake\Model\Datasource\DboSource.php(669): DboSource->execute('SELECT `Project...', Array, Array)
#3 C:\gp-empresa\Project\lib\Cake\Model\Datasource\DboSource.php(1080): DboSource->fetchAll('SELECT `Project...', false)
#4 C:\gp-empresa\Project\lib\Cake\Model\Model.php(2637): DboSource->read(Object(Project), Array)
#5 C:\gp-empresa\Project\app\Controller\ProjectsController.php(55): Model->find('first', Array)
#6 C:\gp-empresa\Project\app\Controller\ProjectsController.php(28): ProjectsController->existe(false, false)
#7 [internal function]: ProjectsController->add()
#8 C:\gp-empresa\Project\lib\Cake\Controller\Controller.php(485): ReflectionMethod->invokeArgs(Object(ProjectsController), Array)
#9 C:\gp-empresa\Project\lib\Cake\Routing\Dispatcher.php(186): Controller->invokeAction(Object(CakeRequest))
#10 C:\gp-empresa\Project\lib\Cake\Routing\Dispatcher.php(161): Dispatcher->_invoke(Object(ProjectsController), Object(CakeRequest), Object(CakeResponse))
#11 C:\gp-empresa\Project\app\webroot\index.php(92): Dispatcher->dispatch(Object(CakeRequest), Object(CakeResponse))
#12 {main}
2013-01-13 23:25:45 Error: [PDOException] SQLSTATE[42000]: Syntax error or access violation: 1064 You have an error in your SQL syntax; check the manual that corresponds to your MySQL server version for the right syntax to use near '== '' AND `Project`.`company_id` == ''    LIMIT 1' at line 1
#0 C:\gp-empresa\Project\lib\Cake\Model\Datasource\DboSource.php(459): PDOStatement->execute(Array)
#1 C:\gp-empresa\Project\lib\Cake\Model\Datasource\DboSource.php(425): DboSource->_execute('SELECT `Project...', Array)
#2 C:\gp-empresa\Project\lib\Cake\Model\Datasource\DboSource.php(669): DboSource->execute('SELECT `Project...', Array, Array)
#3 C:\gp-empresa\Project\lib\Cake\Model\Datasource\DboSource.php(1080): DboSource->fetchAll('SELECT `Project...', false)
#4 C:\gp-empresa\Project\lib\Cake\Model\Model.php(2637): DboSource->read(Object(Project), Array)
#5 C:\gp-empresa\Project\app\Controller\ProjectsController.php(55): Model->find('first', Array)
#6 C:\gp-empresa\Project\app\Controller\ProjectsController.php(28): ProjectsController->existe(false, false)
#7 [internal function]: ProjectsController->add()
#8 C:\gp-empresa\Project\lib\Cake\Controller\Controller.php(485): ReflectionMethod->invokeArgs(Object(ProjectsController), Array)
#9 C:\gp-empresa\Project\lib\Cake\Routing\Dispatcher.php(186): Controller->invokeAction(Object(CakeRequest))
#10 C:\gp-empresa\Project\lib\Cake\Routing\Dispatcher.php(161): Dispatcher->_invoke(Object(ProjectsController), Object(CakeRequest), Object(CakeResponse))
#11 C:\gp-empresa\Project\app\webroot\index.php(92): Dispatcher->dispatch(Object(CakeRequest), Object(CakeResponse))
#12 {main}
2013-01-13 23:29:42 Error: [CakeException] Method field does not exist
#0 C:\gp-empresa\Project\app\Controller\ProjectsController.php(28): CakeRequest->__call('field', Array)
#1 C:\gp-empresa\Project\app\Controller\ProjectsController.php(28): CakeRequest->field('name')
#2 [internal function]: ProjectsController->add()
#3 C:\gp-empresa\Project\lib\Cake\Controller\Controller.php(485): ReflectionMethod->invokeArgs(Object(ProjectsController), Array)
#4 C:\gp-empresa\Project\lib\Cake\Routing\Dispatcher.php(186): Controller->invokeAction(Object(CakeRequest))
#5 C:\gp-empresa\Project\lib\Cake\Routing\Dispatcher.php(161): Dispatcher->_invoke(Object(ProjectsController), Object(CakeRequest), Object(CakeResponse))
#6 C:\gp-empresa\Project\app\webroot\index.php(92): Dispatcher->dispatch(Object(CakeRequest), Object(CakeResponse))
#7 {main}
2013-01-13 23:37:46 Error: [PDOException] SQLSTATE[42000]: Syntax error or access violation: 1064 You have an error in your SQL syntax; check the manual that corresponds to your MySQL server version for the right syntax to use near '== 'projeto alumni' AND `Project`.`company_id` == 'projeto alumni'    LIMIT 1' at line 1
#0 C:\gp-empresa\Project\lib\Cake\Model\Datasource\DboSource.php(459): PDOStatement->execute(Array)
#1 C:\gp-empresa\Project\lib\Cake\Model\Datasource\DboSource.php(425): DboSource->_execute('SELECT `Project...', Array)
#2 C:\gp-empresa\Project\lib\Cake\Model\Datasource\DboSource.php(669): DboSource->execute('SELECT `Project...', Array, Array)
#3 C:\gp-empresa\Project\lib\Cake\Model\Datasource\DboSource.php(1080): DboSource->fetchAll('SELECT `Project...', false)
#4 C:\gp-empresa\Project\lib\Cake\Model\Model.php(2637): DboSource->read(Object(Project), Array)
#5 C:\gp-empresa\Project\app\Controller\ProjectsController.php(55): Model->find('first', Array)
#6 C:\gp-empresa\Project\app\Controller\ProjectsController.php(28): ProjectsController->existe('projeto alumni', 'projeto alumni')
#7 [internal function]: ProjectsController->add()
#8 C:\gp-empresa\Project\lib\Cake\Controller\Controller.php(485): ReflectionMethod->invokeArgs(Object(ProjectsController), Array)
#9 C:\gp-empresa\Project\lib\Cake\Routing\Dispatcher.php(186): Controller->invokeAction(Object(CakeRequest))
#10 C:\gp-empresa\Project\lib\Cake\Routing\Dispatcher.php(161): Dispatcher->_invoke(Object(ProjectsController), Object(CakeRequest), Object(CakeResponse))
#11 C:\gp-empresa\Project\app\webroot\index.php(92): Dispatcher->dispatch(Object(CakeRequest), Object(CakeResponse))
#12 {main}
2013-01-13 23:38:23 Error: [PDOException] SQLSTATE[42000]: Syntax error or access violation: 1064 You have an error in your SQL syntax; check the manual that corresponds to your MySQL server version for the right syntax to use near '== 'projeto alumni' AND `Project`.`company_id` == 1    LIMIT 1' at line 1
#0 C:\gp-empresa\Project\lib\Cake\Model\Datasource\DboSource.php(459): PDOStatement->execute(Array)
#1 C:\gp-empresa\Project\lib\Cake\Model\Datasource\DboSource.php(425): DboSource->_execute('SELECT `Project...', Array)
#2 C:\gp-empresa\Project\lib\Cake\Model\Datasource\DboSource.php(669): DboSource->execute('SELECT `Project...', Array, Array)
#3 C:\gp-empresa\Project\lib\Cake\Model\Datasource\DboSource.php(1080): DboSource->fetchAll('SELECT `Project...', false)
#4 C:\gp-empresa\Project\lib\Cake\Model\Model.php(2637): DboSource->read(Object(Project), Array)
#5 C:\gp-empresa\Project\app\Controller\ProjectsController.php(55): Model->find('first', Array)
#6 C:\gp-empresa\Project\app\Controller\ProjectsController.php(28): ProjectsController->existe('projeto alumni', '1')
#7 [internal function]: ProjectsController->add()
#8 C:\gp-empresa\Project\lib\Cake\Controller\Controller.php(485): ReflectionMethod->invokeArgs(Object(ProjectsController), Array)
#9 C:\gp-empresa\Project\lib\Cake\Routing\Dispatcher.php(186): Controller->invokeAction(Object(CakeRequest))
#10 C:\gp-empresa\Project\lib\Cake\Routing\Dispatcher.php(161): Dispatcher->_invoke(Object(ProjectsController), Object(CakeRequest), Object(CakeResponse))
#11 C:\gp-empresa\Project\app\webroot\index.php(92): Dispatcher->dispatch(Object(CakeRequest), Object(CakeResponse))
#12 {main}
2013-01-13 23:46:44 Error: Fatal Error (1): Call to undefined function type() in [C:\gp-empresa\Project\app\Controller\ProjectsController.php, line 56]
2013-01-13 23:46:44 Error: [FatalErrorException] Call to undefined function type()
#0 C:\gp-empresa\Project\lib\Cake\Error\ErrorHandler.php(161): ErrorHandler::handleFatalError(1, 'Call to undefin...', 'C:\gp-empresa\P...', 56)
#1 [internal function]: ErrorHandler::handleError(1, 'Call to undefin...', 'C:\gp-empresa\P...', 56, Array)
#2 C:\gp-empresa\Project\lib\Cake\Core\App.php(926): call_user_func('ErrorHandler::h...', 1, 'Call to undefin...', 'C:\gp-empresa\P...', 56, Array)
#3 C:\gp-empresa\Project\lib\Cake\Core\App.php(899): App::_checkFatalError()
#4 [internal function]: App::shutdown()
#5 {main}
2013-01-13 23:53:09 Error: [MissingControllerException] Controller class IndexController could not be found.
#0 C:\gp-empresa\Project\app\webroot\index.php(92): Dispatcher->dispatch(Object(CakeRequest), Object(CakeResponse))
#1 {main}
